<?xml version="1.0"?>
<!DOCTYPE coverage SYSTEM "http://cobertura.sourceforge.net/xml/coverage-04.dtd">

<coverage line-rate="1.0" branch-rate="1.0" lines-covered="46" lines-valid="46" branches-covered="2" branches-valid="2" complexity="2.0" version="2.1.1" timestamp="1613584728304">
	<sources>
		<source>--source</source>
		<source>/home/octavi/Dropbox/feina/projectes/fam/albirar-communications/providers/javamail/target/generated-sources/delombok</source>
		<source>/home/octavi/Dropbox/feina/projectes/fam/albirar-communications/providers/javamail/src/main/java</source>
	</sources>
	<packages>
		<package name="cat.albirar.communications.providers.email.javamail.configuration" line-rate="1.0" branch-rate="1.0" complexity="0.0">
			<classes>
				<class name="cat.albirar.communications.providers.email.javamail.configuration.AutoconfigureJavamailEmailProvider" filename="cat/albirar/communications/providers/email/javamail/configuration/AutoconfigureJavamailEmailProvider.java" line-rate="1.0" branch-rate="1.0" complexity="0.0">
					<methods>
					</methods>
					<lines>
					</lines>
				</class>
				<class name="cat.albirar.communications.providers.email.javamail.configuration.JavaMailSenderConfiguration" filename="cat/albirar/communications/providers/email/javamail/configuration/JavaMailSenderConfiguration.java" line-rate="1.0" branch-rate="1.0" complexity="0.0">
					<methods>
						<method name="&lt;clinit&gt;" signature="()V" line-rate="1.0" branch-rate="1.0" complexity="0">
							<lines>
								<line number="53" hits="4" branch="false"/>
							</lines>
						</method>
						<method name="&lt;init&gt;" signature="()V" line-rate="1.0" branch-rate="1.0" complexity="0">
							<lines>
								<line number="52" hits="4" branch="false"/>
							</lines>
						</method>
						<method name="javaMailSender" signature="(Lorg/springframework/core/env/ConfigurableEnvironment;)Lorg/springframework/mail/javamail/JavaMailSender;" line-rate="1.0" branch-rate="1.0" complexity="0">
							<lines>
								<line number="114" hits="1" branch="false"/>
								<line number="115" hits="1" branch="false"/>
								<line number="118" hits="1" branch="false"/>
								<line number="120" hits="1" branch="true" condition-coverage="100% (2/2)">
									<conditions>
										<condition number="0" type="jump" coverage="100%"/>
									</conditions>
								</line>
								<line number="121" hits="3" branch="false"/>
								<line number="125" hits="3" branch="false"/>
								<line number="127" hits="1" branch="false"/>
								<line number="128" hits="1" branch="false"/>
								<line number="129" hits="1" branch="false"/>
								<line number="130" hits="1" branch="false"/>
								<line number="132" hits="2" branch="false"/>
								<line number="133" hits="1" branch="false"/>
								<line number="134" hits="1" branch="false"/>
								<line number="135" hits="1" branch="false"/>
								<line number="136" hits="1" branch="false"/>
								<line number="137" hits="1" branch="false"/>
								<line number="138" hits="1" branch="false"/>
								<line number="140" hits="1" branch="false"/>
								<line number="141" hits="1" branch="false"/>
								<line number="142" hits="1" branch="false"/>
								<line number="143" hits="1" branch="false"/>
								<line number="144" hits="1" branch="false"/>
								<line number="145" hits="1" branch="false"/>
								<line number="146" hits="1" branch="false"/>
							</lines>
						</method>
						<method name="lambda$javaMailSender$0" signature="(Lorg/springframework/core/env/PropertySource;)Z" line-rate="1.0" branch-rate="1.0" complexity="0">
							<lines>
								<line number="116" hits="4" branch="false"/>
							</lines>
						</method>
						<method name="lambda$javaMailSender$1" signature="(Lorg/springframework/core/env/PropertySource;)Lorg/springframework/core/env/EnumerablePropertySource;" line-rate="1.0" branch-rate="1.0" complexity="0">
							<lines>
								<line number="117" hits="4" branch="false"/>
							</lines>
						</method>
						<method name="lambda$javaMailSender$2" signature="(Ljava/lang/String;)Z" line-rate="1.0" branch-rate="1.0" complexity="0">
							<lines>
								<line number="122" hits="167" branch="false"/>
							</lines>
						</method>
						<method name="lambda$javaMailSender$3" signature="(Ljava/util/Properties;Lorg/springframework/core/env/ConfigurableEnvironment;Ljava/lang/String;)V" line-rate="1.0" branch-rate="1.0" complexity="0">
							<lines>
								<line number="123" hits="12" branch="false"/>
							</lines>
						</method>
					</methods>
					<lines>
						<line number="52" hits="4" branch="false"/>
						<line number="53" hits="4" branch="false"/>
						<line number="114" hits="1" branch="false"/>
						<line number="115" hits="1" branch="false"/>
						<line number="116" hits="4" branch="false"/>
						<line number="117" hits="4" branch="false"/>
						<line number="118" hits="1" branch="false"/>
						<line number="120" hits="1" branch="true" condition-coverage="100% (2/2)">
							<conditions>
								<condition number="0" type="jump" coverage="100%"/>
							</conditions>
						</line>
						<line number="121" hits="3" branch="false"/>
						<line number="122" hits="167" branch="false"/>
						<line number="123" hits="12" branch="false"/>
						<line number="125" hits="3" branch="false"/>
						<line number="127" hits="1" branch="false"/>
						<line number="128" hits="1" branch="false"/>
						<line number="129" hits="1" branch="false"/>
						<line number="130" hits="1" branch="false"/>
						<line number="132" hits="2" branch="false"/>
						<line number="133" hits="1" branch="false"/>
						<line number="134" hits="1" branch="false"/>
						<line number="135" hits="1" branch="false"/>
						<line number="136" hits="1" branch="false"/>
						<line number="137" hits="1" branch="false"/>
						<line number="138" hits="1" branch="false"/>
						<line number="140" hits="1" branch="false"/>
						<line number="141" hits="1" branch="false"/>
						<line number="142" hits="1" branch="false"/>
						<line number="143" hits="1" branch="false"/>
						<line number="144" hits="1" branch="false"/>
						<line number="145" hits="1" branch="false"/>
						<line number="146" hits="1" branch="false"/>
					</lines>
				</class>
			</classes>
		</package>
		<package name="cat.albirar.communications.providers.email.javamail.impl" line-rate="1.0" branch-rate="1.0" complexity="2.0">
			<classes>
				<class name="cat.albirar.communications.providers.email.javamail.impl.JavaMailSenderEmailProvider" filename="cat/albirar/communications/providers/email/javamail/impl/JavaMailSenderEmailProvider.java" line-rate="1.0" branch-rate="1.0" complexity="2.0">
					<methods>
						<method name="&lt;clinit&gt;" signature="()V" line-rate="1.0" branch-rate="1.0" complexity="0">
							<lines>
								<line number="45" hits="4" branch="false"/>
							</lines>
						</method>
						<method name="&lt;init&gt;" signature="()V" line-rate="1.0" branch-rate="1.0" complexity="0">
							<lines>
								<line number="44" hits="4" branch="false"/>
							</lines>
						</method>
						<method name="getName" signature="()Ljava/lang/String;" line-rate="1.0" branch-rate="1.0" complexity="0">
							<lines>
								<line number="59" hits="3" branch="false"/>
							</lines>
						</method>
						<method name="sendEmail" signature="(Ljava/lang/String;Lcat/albirar/communications/core/channels/models/ContactBean;Lcat/albirar/communications/core/channels/models/ContactBean;Ljava/lang/String;Ljava/lang/String;Ljava/lang/String;Ljava/lang/String;)V" line-rate="1.0" branch-rate="1.0" complexity="0">
							<lines>
								<line number="69" hits="3" branch="false"/>
								<line number="71" hits="3" branch="false"/>
								<line number="72" hits="2" branch="false"/>
								<line number="73" hits="2" branch="false"/>
								<line number="74" hits="4" branch="false"/>
								<line number="75" hits="2" branch="false"/>
								<line number="76" hits="2" branch="false"/>
								<line number="78" hits="1" branch="false"/>
								<line number="81" hits="1" branch="false"/>
								<line number="82" hits="1" branch="false"/>
								<line number="83" hits="1" branch="false"/>
								<line number="84" hits="2" branch="false"/>
								<line number="85" hits="2" branch="false"/>
							</lines>
						</method>
					</methods>
					<lines>
						<line number="44" hits="4" branch="false"/>
						<line number="45" hits="4" branch="false"/>
						<line number="59" hits="3" branch="false"/>
						<line number="69" hits="3" branch="false"/>
						<line number="71" hits="3" branch="false"/>
						<line number="72" hits="2" branch="false"/>
						<line number="73" hits="2" branch="false"/>
						<line number="74" hits="4" branch="false"/>
						<line number="75" hits="2" branch="false"/>
						<line number="76" hits="2" branch="false"/>
						<line number="78" hits="1" branch="false"/>
						<line number="81" hits="1" branch="false"/>
						<line number="82" hits="1" branch="false"/>
						<line number="83" hits="1" branch="false"/>
						<line number="84" hits="2" branch="false"/>
						<line number="85" hits="2" branch="false"/>
					</lines>
				</class>
			</classes>
		</package>
	</packages>
</coverage>
