<?xml version="1.0"?>
<!DOCTYPE coverage SYSTEM "http://cobertura.sourceforge.net/xml/coverage-04.dtd">

<coverage line-rate="0.984375" branch-rate="1.0" lines-covered="252" lines-valid="256" branches-covered="22" branches-valid="22" complexity="1.673913043478261" version="2.1.1" timestamp="1612875496190">
	<sources>
		<source>/home/octavi/Dropbox/feina/projectes/fam/albirar-communications/core/src/main/java</source>
		<source>--source</source>
		<source>/home/octavi/Dropbox/feina/projectes/fam/albirar-communications/core/target/generated-sources/delombok</source>
	</sources>
	<packages>
		<package name="cat.albirar.communications.configuration" line-rate="1.0" branch-rate="1.0" complexity="1.0">
			<classes>
				<class name="cat.albirar.communications.configuration.AlbirarCommunicationsConfiguration" filename="cat/albirar/communications/configuration/AlbirarCommunicationsConfiguration.java" line-rate="1.0" branch-rate="1.0" complexity="1.0">
					<methods>
						<method name="&lt;clinit&gt;" signature="()V" line-rate="1.0" branch-rate="1.0" complexity="0">
							<lines>
								<line number="71" hits="36" branch="false"/>
							</lines>
						</method>
						<method name="&lt;init&gt;" signature="()V" line-rate="1.0" branch-rate="1.0" complexity="0">
							<lines>
								<line number="70" hits="36" branch="false"/>
								<line number="84" hits="36" branch="false"/>
								<line number="86" hits="36" branch="false"/>
								<line number="87" hits="36" branch="false"/>
								<line number="88" hits="36" branch="false"/>
								<line number="89" hits="36" branch="false"/>
							</lines>
						</method>
						<method name="bindingEmailReport" signature="(Lorg/springframework/amqp/core/Queue;Lorg/springframework/amqp/core/TopicExchange;)Lorg/springframework/amqp/core/Binding;" line-rate="1.0" branch-rate="1.0" complexity="0">
							<lines>
								<line number="202" hits="36" branch="false"/>
							</lines>
						</method>
						<method name="bindingEmailSend" signature="(Lorg/springframework/amqp/core/Queue;Lorg/springframework/amqp/core/TopicExchange;)Lorg/springframework/amqp/core/Binding;" line-rate="1.0" branch-rate="1.0" complexity="0">
							<lines>
								<line number="197" hits="36" branch="false"/>
							</lines>
						</method>
						<method name="bindingReportSend" signature="(Lorg/springframework/amqp/core/Queue;Lorg/springframework/amqp/core/TopicExchange;)Lorg/springframework/amqp/core/Binding;" line-rate="1.0" branch-rate="1.0" complexity="0">
							<lines>
								<line number="212" hits="36" branch="false"/>
							</lines>
						</method>
						<method name="bindingSmsSend" signature="(Lorg/springframework/amqp/core/Queue;Lorg/springframework/amqp/core/TopicExchange;)Lorg/springframework/amqp/core/Binding;" line-rate="1.0" branch-rate="1.0" complexity="0">
							<lines>
								<line number="207" hits="36" branch="false"/>
							</lines>
						</method>
						<method name="connectionFactory" signature="()Lorg/springframework/amqp/rabbit/connection/ConnectionFactory;" line-rate="1.0" branch-rate="1.0" complexity="0">
							<lines>
								<line number="117" hits="72" branch="false"/>
								<line number="118" hits="36" branch="false"/>
								<line number="119" hits="36" branch="false"/>
								<line number="120" hits="36" branch="false"/>
								<line number="121" hits="36" branch="false"/>
								<line number="122" hits="36" branch="false"/>
								<line number="123" hits="36" branch="false"/>
								<line number="125" hits="36" branch="false"/>
								<line number="126" hits="36" branch="false"/>
								<line number="127" hits="36" branch="false"/>
								<line number="128" hits="36" branch="false"/>
								<line number="129" hits="36" branch="false"/>
								<line number="130" hits="36" branch="false"/>
							</lines>
						</method>
						<method name="emailReportQueue" signature="()Lorg/springframework/amqp/core/Queue;" line-rate="1.0" branch-rate="1.0" complexity="0">
							<lines>
								<line number="181" hits="36" branch="false"/>
							</lines>
						</method>
						<method name="emailSendQueue" signature="()Lorg/springframework/amqp/core/Queue;" line-rate="1.0" branch-rate="1.0" complexity="0">
							<lines>
								<line number="169" hits="36" branch="false"/>
							</lines>
						</method>
						<method name="exchange" signature="()Lorg/springframework/amqp/core/TopicExchange;" line-rate="1.0" branch-rate="1.0" complexity="0">
							<lines>
								<line number="192" hits="36" branch="false"/>
							</lines>
						</method>
						<method name="listenerReportEmail" signature="(Lorg/springframework/amqp/rabbit/connection/ConnectionFactory;Lcat/albirar/communications/processors/impl/EmailReportProcessor;Lorg/springframework/amqp/core/Queue;)Lorg/springframework/amqp/rabbit/listener/SimpleMessageListenerContainer;" line-rate="1.0" branch-rate="1.0" complexity="0">
							<lines>
								<line number="240" hits="36" branch="false"/>
								<line number="241" hits="36" branch="false"/>
								<line number="242" hits="36" branch="false"/>
								<line number="243" hits="36" branch="false"/>
								<line number="244" hits="36" branch="false"/>
							</lines>
						</method>
						<method name="listenerReportSms" signature="(Lorg/springframework/amqp/rabbit/connection/ConnectionFactory;Lcat/albirar/communications/processors/impl/SmsReportProcessor;Lorg/springframework/amqp/core/Queue;)Lorg/springframework/amqp/rabbit/listener/SimpleMessageListenerContainer;" line-rate="1.0" branch-rate="1.0" complexity="0">
							<lines>
								<line number="251" hits="36" branch="false"/>
								<line number="252" hits="36" branch="false"/>
								<line number="253" hits="36" branch="false"/>
								<line number="254" hits="36" branch="false"/>
								<line number="255" hits="36" branch="false"/>
							</lines>
						</method>
						<method name="listenerSendEmail" signature="(Lorg/springframework/amqp/rabbit/connection/ConnectionFactory;Lcat/albirar/communications/processors/impl/EmailSenderProcessor;Lorg/springframework/amqp/core/Queue;)Lorg/springframework/amqp/rabbit/listener/SimpleMessageListenerContainer;" line-rate="1.0" branch-rate="1.0" complexity="0">
							<lines>
								<line number="219" hits="36" branch="false"/>
								<line number="220" hits="36" branch="false"/>
								<line number="221" hits="36" branch="false"/>
								<line number="222" hits="36" branch="false"/>
								<line number="223" hits="36" branch="false"/>
							</lines>
						</method>
						<method name="listenerSendSms" signature="(Lorg/springframework/amqp/rabbit/connection/ConnectionFactory;Lcat/albirar/communications/processors/impl/SmsSenderProcessor;Lorg/springframework/amqp/core/Queue;)Lorg/springframework/amqp/rabbit/listener/SimpleMessageListenerContainer;" line-rate="1.0" branch-rate="1.0" complexity="0">
							<lines>
								<line number="230" hits="36" branch="false"/>
								<line number="231" hits="36" branch="false"/>
								<line number="232" hits="36" branch="false"/>
								<line number="233" hits="36" branch="false"/>
								<line number="234" hits="36" branch="false"/>
							</lines>
						</method>
						<method name="messageConverter" signature="()Lorg/springframework/amqp/support/converter/MessageConverter;" line-rate="1.0" branch-rate="1.0" complexity="0">
							<lines>
								<line number="148" hits="36" branch="false"/>
								<line number="149" hits="36" branch="false"/>
								<line number="150" hits="36" branch="false"/>
								<line number="152" hits="36" branch="false"/>
							</lines>
						</method>
						<method name="namingStrategy" signature="()Lorg/springframework/amqp/core/NamingStrategy;" line-rate="1.0" branch-rate="1.0" complexity="0">
							<lines>
								<line number="109" hits="36" branch="false"/>
							</lines>
						</method>
						<method name="rabbitAdmin" signature="(Lorg/springframework/amqp/rabbit/connection/ConnectionFactory;)Lorg/springframework/amqp/rabbit/core/RabbitAdmin;" line-rate="1.0" branch-rate="1.0" complexity="0">
							<lines>
								<line number="138" hits="36" branch="false"/>
								<line number="139" hits="36" branch="false"/>
							</lines>
						</method>
						<method name="rabbitTemplate" signature="(Lorg/springframework/amqp/rabbit/connection/ConnectionFactory;Lorg/springframework/amqp/support/converter/MessageConverter;)Lorg/springframework/amqp/rabbit/core/RabbitTemplate;" line-rate="1.0" branch-rate="1.0" complexity="0">
							<lines>
								<line number="160" hits="36" branch="false"/>
								<line number="161" hits="36" branch="false"/>
								<line number="163" hits="36" branch="false"/>
							</lines>
						</method>
						<method name="smsReportQueue" signature="()Lorg/springframework/amqp/core/Queue;" line-rate="1.0" branch-rate="1.0" complexity="0">
							<lines>
								<line number="187" hits="36" branch="false"/>
							</lines>
						</method>
						<method name="smsSendQueue" signature="()Lorg/springframework/amqp/core/Queue;" line-rate="1.0" branch-rate="1.0" complexity="0">
							<lines>
								<line number="175" hits="36" branch="false"/>
							</lines>
						</method>
						<method name="validationPostProcessor" signature="()Lorg/springframework/validation/beanvalidation/MethodValidationPostProcessor;" line-rate="1.0" branch-rate="1.0" complexity="0">
							<lines>
								<line number="102" hits="36" branch="false"/>
							</lines>
						</method>
						<method name="validator" signature="()Lorg/springframework/validation/beanvalidation/LocalValidatorFactoryBean;" line-rate="1.0" branch-rate="1.0" complexity="0">
							<lines>
								<line number="96" hits="36" branch="false"/>
							</lines>
						</method>
					</methods>
					<lines>
						<line number="70" hits="36" branch="false"/>
						<line number="71" hits="36" branch="false"/>
						<line number="84" hits="36" branch="false"/>
						<line number="86" hits="36" branch="false"/>
						<line number="87" hits="36" branch="false"/>
						<line number="88" hits="36" branch="false"/>
						<line number="89" hits="36" branch="false"/>
						<line number="96" hits="36" branch="false"/>
						<line number="102" hits="36" branch="false"/>
						<line number="109" hits="36" branch="false"/>
						<line number="117" hits="72" branch="false"/>
						<line number="118" hits="36" branch="false"/>
						<line number="119" hits="36" branch="false"/>
						<line number="120" hits="36" branch="false"/>
						<line number="121" hits="36" branch="false"/>
						<line number="122" hits="36" branch="false"/>
						<line number="123" hits="36" branch="false"/>
						<line number="125" hits="36" branch="false"/>
						<line number="126" hits="36" branch="false"/>
						<line number="127" hits="36" branch="false"/>
						<line number="128" hits="36" branch="false"/>
						<line number="129" hits="36" branch="false"/>
						<line number="130" hits="36" branch="false"/>
						<line number="138" hits="36" branch="false"/>
						<line number="139" hits="36" branch="false"/>
						<line number="148" hits="36" branch="false"/>
						<line number="149" hits="36" branch="false"/>
						<line number="150" hits="36" branch="false"/>
						<line number="152" hits="36" branch="false"/>
						<line number="160" hits="36" branch="false"/>
						<line number="161" hits="36" branch="false"/>
						<line number="163" hits="36" branch="false"/>
						<line number="169" hits="36" branch="false"/>
						<line number="175" hits="36" branch="false"/>
						<line number="181" hits="36" branch="false"/>
						<line number="187" hits="36" branch="false"/>
						<line number="192" hits="36" branch="false"/>
						<line number="197" hits="36" branch="false"/>
						<line number="202" hits="36" branch="false"/>
						<line number="207" hits="36" branch="false"/>
						<line number="212" hits="36" branch="false"/>
						<line number="219" hits="36" branch="false"/>
						<line number="220" hits="36" branch="false"/>
						<line number="221" hits="36" branch="false"/>
						<line number="222" hits="36" branch="false"/>
						<line number="223" hits="36" branch="false"/>
						<line number="230" hits="36" branch="false"/>
						<line number="231" hits="36" branch="false"/>
						<line number="232" hits="36" branch="false"/>
						<line number="233" hits="36" branch="false"/>
						<line number="234" hits="36" branch="false"/>
						<line number="240" hits="36" branch="false"/>
						<line number="241" hits="36" branch="false"/>
						<line number="242" hits="36" branch="false"/>
						<line number="243" hits="36" branch="false"/>
						<line number="244" hits="36" branch="false"/>
						<line number="251" hits="36" branch="false"/>
						<line number="252" hits="36" branch="false"/>
						<line number="253" hits="36" branch="false"/>
						<line number="254" hits="36" branch="false"/>
						<line number="255" hits="36" branch="false"/>
					</lines>
				</class>
				<class name="cat.albirar.communications.configuration.AutoconfigureAlbirarCommunicationsCore" filename="cat/albirar/communications/configuration/AutoconfigureAlbirarCommunicationsCore.java" line-rate="1.0" branch-rate="1.0" complexity="0.0">
					<methods>
					</methods>
					<lines>
					</lines>
				</class>
			</classes>
		</package>
		<package name="cat.albirar.communications.processors.impl" line-rate="1.0" branch-rate="1.0" complexity="2.0">
			<classes>
				<class name="cat.albirar.communications.processors.impl.AbstractReportProcessor" filename="cat/albirar/communications/processors/impl/AbstractReportProcessor.java" line-rate="1.0" branch-rate="1.0" complexity="1.5">
					<methods>
						<method name="&lt;clinit&gt;" signature="()V" line-rate="1.0" branch-rate="1.0" complexity="0">
							<lines>
								<line number="41" hits="36" branch="false"/>
							</lines>
						</method>
						<method name="&lt;init&gt;" signature="()V" line-rate="1.0" branch-rate="1.0" complexity="0">
							<lines>
								<line number="40" hits="72" branch="false"/>
								<line number="49" hits="72" branch="false"/>
								<line number="51" hits="72" branch="false"/>
							</lines>
						</method>
						<method name="getManagedMessages" signature="()J" line-rate="1.0" branch-rate="1.0" complexity="0">
							<lines>
								<line number="58" hits="60" branch="false"/>
							</lines>
						</method>
						<method name="getProcessedMessages" signature="()J" line-rate="1.0" branch-rate="1.0" complexity="0">
							<lines>
								<line number="65" hits="12" branch="false"/>
							</lines>
						</method>
						<method name="onMessage" signature="(Lorg/springframework/amqp/core/Message;)V" line-rate="1.0" branch-rate="1.0" complexity="0">
							<lines>
								<line number="75" hits="94" branch="false"/>
								<line number="76" hits="94" branch="false"/>
								<line number="78" hits="94" branch="false"/>
								<line number="80" hits="81" branch="false"/>
								<line number="81" hits="69" branch="false"/>
								<line number="82" hits="70" branch="false"/>
								<line number="83" hits="12" branch="false"/>
								<line number="84" hits="12" branch="false"/>
								<line number="85" hits="70" branch="false"/>
								<line number="86" hits="12" branch="false"/>
								<line number="87" hits="12" branch="false"/>
								<line number="88" hits="82" branch="false"/>
								<line number="89" hits="94" branch="false"/>
							</lines>
						</method>
					</methods>
					<lines>
						<line number="40" hits="72" branch="false"/>
						<line number="41" hits="36" branch="false"/>
						<line number="49" hits="72" branch="false"/>
						<line number="51" hits="72" branch="false"/>
						<line number="58" hits="60" branch="false"/>
						<line number="65" hits="12" branch="false"/>
						<line number="75" hits="94" branch="false"/>
						<line number="76" hits="94" branch="false"/>
						<line number="78" hits="94" branch="false"/>
						<line number="80" hits="81" branch="false"/>
						<line number="81" hits="69" branch="false"/>
						<line number="82" hits="70" branch="false"/>
						<line number="83" hits="12" branch="false"/>
						<line number="84" hits="12" branch="false"/>
						<line number="85" hits="70" branch="false"/>
						<line number="86" hits="12" branch="false"/>
						<line number="87" hits="12" branch="false"/>
						<line number="88" hits="82" branch="false"/>
						<line number="89" hits="94" branch="false"/>
					</lines>
				</class>
				<class name="cat.albirar.communications.processors.impl.AbstractSenderProcessor" filename="cat/albirar/communications/processors/impl/AbstractSenderProcessor.java" line-rate="1.0" branch-rate="1.0" complexity="2.4">
					<methods>
						<method name="&lt;clinit&gt;" signature="()V" line-rate="1.0" branch-rate="1.0" complexity="0">
							<lines>
								<line number="47" hits="36" branch="false"/>
							</lines>
						</method>
						<method name="&lt;init&gt;" signature="()V" line-rate="1.0" branch-rate="1.0" complexity="0">
							<lines>
								<line number="46" hits="72" branch="false"/>
								<line number="58" hits="72" branch="false"/>
								<line number="60" hits="72" branch="false"/>
								<line number="62" hits="72" branch="false"/>
							</lines>
						</method>
						<method name="getManagedMessages" signature="()J" line-rate="1.0" branch-rate="1.0" complexity="0">
							<lines>
								<line number="96" hits="108" branch="false"/>
							</lines>
						</method>
						<method name="getProcessedMessages" signature="()J" line-rate="1.0" branch-rate="1.0" complexity="0">
							<lines>
								<line number="103" hits="12" branch="false"/>
							</lines>
						</method>
						<method name="onMessage" signature="(Lorg/springframework/amqp/core/Message;)V" line-rate="1.0" branch-rate="1.0" complexity="0">
							<lines>
								<line number="72" hits="147" branch="false"/>
								<line number="73" hits="147" branch="false"/>
								<line number="75" hits="147" branch="false"/>
								<line number="77" hits="133" branch="false"/>
								<line number="78" hits="121" branch="false"/>
								<line number="79" hits="99" branch="false"/>
								<line number="80" hits="99" branch="false"/>
								<line number="81" hits="12" branch="false"/>
								<line number="82" hits="12" branch="false"/>
								<line number="83" hits="24" branch="false"/>
								<line number="85" hits="24" branch="false"/>
								<line number="86" hits="111" branch="false"/>
								<line number="87" hits="12" branch="false"/>
								<line number="88" hits="12" branch="false"/>
								<line number="89" hits="135" branch="false"/>
								<line number="90" hits="147" branch="false"/>
							</lines>
						</method>
						<method name="reportMessage" signature="(Ljava/lang/String;Lcat/albirar/communications/status/models/MessageStatusBean;)V" line-rate="1.0" branch-rate="1.0" complexity="0">
							<lines>
								<line number="121" hits="123" branch="false"/>
								<line number="122" hits="123" branch="false"/>
								<line number="124" hits="123" branch="false"/>
								<line number="125" hits="123" branch="false"/>
								<line number="126" hits="123" branch="false"/>
								<line number="127" hits="123" branch="false"/>
								<line number="128" hits="110" branch="false"/>
								<line number="129" hits="99" branch="false"/>
								<line number="130" hits="12" branch="false"/>
								<line number="132" hits="12" branch="false"/>
								<line number="133" hits="12" branch="false"/>
								<line number="134" hits="12" branch="false"/>
								<line number="135" hits="12" branch="false"/>
								<line number="137" hits="12" branch="false"/>
								<line number="138" hits="12" branch="false"/>
								<line number="139" hits="12" branch="false"/>
								<line number="140" hits="99" branch="false"/>
								<line number="141" hits="99" branch="false"/>
							</lines>
						</method>
					</methods>
					<lines>
						<line number="46" hits="72" branch="false"/>
						<line number="47" hits="36" branch="false"/>
						<line number="58" hits="72" branch="false"/>
						<line number="60" hits="72" branch="false"/>
						<line number="62" hits="72" branch="false"/>
						<line number="72" hits="147" branch="false"/>
						<line number="73" hits="147" branch="false"/>
						<line number="75" hits="147" branch="false"/>
						<line number="77" hits="133" branch="false"/>
						<line number="78" hits="121" branch="false"/>
						<line number="79" hits="99" branch="false"/>
						<line number="80" hits="99" branch="false"/>
						<line number="81" hits="12" branch="false"/>
						<line number="82" hits="12" branch="false"/>
						<line number="83" hits="24" branch="false"/>
						<line number="85" hits="24" branch="false"/>
						<line number="86" hits="111" branch="false"/>
						<line number="87" hits="12" branch="false"/>
						<line number="88" hits="12" branch="false"/>
						<line number="89" hits="135" branch="false"/>
						<line number="90" hits="147" branch="false"/>
						<line number="96" hits="108" branch="false"/>
						<line number="103" hits="12" branch="false"/>
						<line number="121" hits="123" branch="false"/>
						<line number="122" hits="123" branch="false"/>
						<line number="124" hits="123" branch="false"/>
						<line number="125" hits="123" branch="false"/>
						<line number="126" hits="123" branch="false"/>
						<line number="127" hits="123" branch="false"/>
						<line number="128" hits="110" branch="false"/>
						<line number="129" hits="99" branch="false"/>
						<line number="130" hits="12" branch="false"/>
						<line number="132" hits="12" branch="false"/>
						<line number="133" hits="12" branch="false"/>
						<line number="134" hits="12" branch="false"/>
						<line number="135" hits="12" branch="false"/>
						<line number="137" hits="12" branch="false"/>
						<line number="138" hits="12" branch="false"/>
						<line number="139" hits="12" branch="false"/>
						<line number="140" hits="99" branch="false"/>
						<line number="141" hits="99" branch="false"/>
					</lines>
				</class>
				<class name="cat.albirar.communications.processors.impl.EmailReportProcessor" filename="cat/albirar/communications/processors/impl/EmailReportProcessor.java" line-rate="1.0" branch-rate="1.0" complexity="1.0">
					<methods>
						<method name="&lt;init&gt;" signature="()V" line-rate="1.0" branch-rate="1.0" complexity="0">
							<lines>
								<line number="32" hits="36" branch="false"/>
							</lines>
						</method>
						<method name="processReport" signature="(Lcat/albirar/communications/status/models/MessageStatusBean;)V" line-rate="1.0" branch-rate="1.0" complexity="0">
							<lines>
								<line number="38" hits="40" branch="false"/>
								<line number="39" hits="40" branch="false"/>
							</lines>
						</method>
					</methods>
					<lines>
						<line number="32" hits="36" branch="false"/>
						<line number="38" hits="40" branch="false"/>
						<line number="39" hits="40" branch="false"/>
					</lines>
				</class>
				<class name="cat.albirar.communications.processors.impl.EmailSenderProcessor" filename="cat/albirar/communications/processors/impl/EmailSenderProcessor.java" line-rate="1.0" branch-rate="1.0" complexity="3.0">
					<methods>
						<method name="&lt;clinit&gt;" signature="()V" line-rate="1.0" branch-rate="1.0" complexity="0">
							<lines>
								<line number="46" hits="36" branch="false"/>
							</lines>
						</method>
						<method name="&lt;init&gt;" signature="()V" line-rate="1.0" branch-rate="1.0" complexity="0">
							<lines>
								<line number="45" hits="36" branch="false"/>
							</lines>
						</method>
						<method name="processMessage" signature="(Ljava/lang/String;Lcat/albirar/communications/messages/models/MessageBean;)V" line-rate="1.0" branch-rate="1.0" complexity="0">
							<lines>
								<line number="57" hits="69" branch="false"/>
								<line number="59" hits="69" branch="true" condition-coverage="100% (2/2)">
									<conditions>
										<condition number="0" type="jump" coverage="100%"/>
									</conditions>
								</line>
								<line number="61" hits="63" branch="false"/>
								<line number="62" hits="56" branch="false"/>
								<line number="63" hits="56" branch="false"/>
								<line number="64" hits="56" branch="false"/>
								<line number="65" hits="56" branch="false"/>
								<line number="67" hits="56" branch="false"/>
								<line number="69" hits="6" branch="false"/>
								<line number="70" hits="6" branch="false"/>
								<line number="71" hits="6" branch="false"/>
								<line number="72" hits="6" branch="false"/>
								<line number="73" hits="6" branch="false"/>
								<line number="74" hits="6" branch="false"/>
								<line number="76" hits="6" branch="false"/>
								<line number="78" hits="7" branch="false"/>
								<line number="81" hits="7" branch="false"/>
								<line number="82" hits="7" branch="false"/>
								<line number="83" hits="7" branch="false"/>
								<line number="84" hits="7" branch="false"/>
								<line number="85" hits="7" branch="false"/>
								<line number="86" hits="7" branch="false"/>
								<line number="87" hits="7" branch="false"/>
								<line number="89" hits="7" branch="false"/>
								<line number="90" hits="50" branch="false"/>
								<line number="91" hits="57" branch="false"/>
							</lines>
						</method>
					</methods>
					<lines>
						<line number="45" hits="36" branch="false"/>
						<line number="46" hits="36" branch="false"/>
						<line number="57" hits="69" branch="false"/>
						<line number="59" hits="69" branch="true" condition-coverage="100% (2/2)">
							<conditions>
								<condition number="0" type="jump" coverage="100%"/>
							</conditions>
						</line>
						<line number="61" hits="63" branch="false"/>
						<line number="62" hits="56" branch="false"/>
						<line number="63" hits="56" branch="false"/>
						<line number="64" hits="56" branch="false"/>
						<line number="65" hits="56" branch="false"/>
						<line number="67" hits="56" branch="false"/>
						<line number="69" hits="6" branch="false"/>
						<line number="70" hits="6" branch="false"/>
						<line number="71" hits="6" branch="false"/>
						<line number="72" hits="6" branch="false"/>
						<line number="73" hits="6" branch="false"/>
						<line number="74" hits="6" branch="false"/>
						<line number="76" hits="6" branch="false"/>
						<line number="78" hits="7" branch="false"/>
						<line number="81" hits="7" branch="false"/>
						<line number="82" hits="7" branch="false"/>
						<line number="83" hits="7" branch="false"/>
						<line number="84" hits="7" branch="false"/>
						<line number="85" hits="7" branch="false"/>
						<line number="86" hits="7" branch="false"/>
						<line number="87" hits="7" branch="false"/>
						<line number="89" hits="7" branch="false"/>
						<line number="90" hits="50" branch="false"/>
						<line number="91" hits="57" branch="false"/>
					</lines>
				</class>
				<class name="cat.albirar.communications.processors.impl.SmsReportProcessor" filename="cat/albirar/communications/processors/impl/SmsReportProcessor.java" line-rate="1.0" branch-rate="1.0" complexity="1.0">
					<methods>
						<method name="&lt;init&gt;" signature="()V" line-rate="1.0" branch-rate="1.0" complexity="0">
							<lines>
								<line number="32" hits="36" branch="false"/>
							</lines>
						</method>
						<method name="processReport" signature="(Lcat/albirar/communications/status/models/MessageStatusBean;)V" line-rate="1.0" branch-rate="1.0" complexity="0">
							<lines>
								<line number="38" hits="30" branch="false"/>
								<line number="39" hits="30" branch="false"/>
							</lines>
						</method>
					</methods>
					<lines>
						<line number="32" hits="36" branch="false"/>
						<line number="38" hits="30" branch="false"/>
						<line number="39" hits="30" branch="false"/>
					</lines>
				</class>
				<class name="cat.albirar.communications.processors.impl.SmsSenderProcessor" filename="cat/albirar/communications/processors/impl/SmsSenderProcessor.java" line-rate="1.0" branch-rate="1.0" complexity="3.0">
					<methods>
						<method name="&lt;clinit&gt;" signature="()V" line-rate="1.0" branch-rate="1.0" complexity="0">
							<lines>
								<line number="44" hits="36" branch="false"/>
							</lines>
						</method>
						<method name="&lt;init&gt;" signature="()V" line-rate="1.0" branch-rate="1.0" complexity="0">
							<lines>
								<line number="43" hits="36" branch="false"/>
							</lines>
						</method>
						<method name="processMessage" signature="(Ljava/lang/String;Lcat/albirar/communications/messages/models/MessageBean;)V" line-rate="1.0" branch-rate="1.0" complexity="0">
							<lines>
								<line number="54" hits="54" branch="false"/>
								<line number="57" hits="54" branch="true" condition-coverage="100% (2/2)">
									<conditions>
										<condition number="0" type="jump" coverage="100%"/>
									</conditions>
								</line>
								<line number="59" hits="48" branch="false"/>
								<line number="60" hits="42" branch="false"/>
								<line number="61" hits="42" branch="false"/>
								<line number="62" hits="42" branch="false"/>
								<line number="63" hits="42" branch="false"/>
								<line number="65" hits="42" branch="false"/>
								<line number="67" hits="6" branch="false"/>
								<line number="68" hits="6" branch="false"/>
								<line number="69" hits="6" branch="false"/>
								<line number="70" hits="6" branch="false"/>
								<line number="71" hits="6" branch="false"/>
								<line number="72" hits="6" branch="false"/>
								<line number="74" hits="6" branch="false"/>
								<line number="76" hits="6" branch="false"/>
								<line number="79" hits="6" branch="false"/>
								<line number="80" hits="6" branch="false"/>
								<line number="81" hits="6" branch="false"/>
								<line number="82" hits="6" branch="false"/>
								<line number="83" hits="6" branch="false"/>
								<line number="84" hits="6" branch="false"/>
								<line number="85" hits="6" branch="false"/>
								<line number="87" hits="6" branch="false"/>
								<line number="88" hits="36" branch="false"/>
								<line number="89" hits="42" branch="false"/>
							</lines>
						</method>
					</methods>
					<lines>
						<line number="43" hits="36" branch="false"/>
						<line number="44" hits="36" branch="false"/>
						<line number="54" hits="54" branch="false"/>
						<line number="57" hits="54" branch="true" condition-coverage="100% (2/2)">
							<conditions>
								<condition number="0" type="jump" coverage="100%"/>
							</conditions>
						</line>
						<line number="59" hits="48" branch="false"/>
						<line number="60" hits="42" branch="false"/>
						<line number="61" hits="42" branch="false"/>
						<line number="62" hits="42" branch="false"/>
						<line number="63" hits="42" branch="false"/>
						<line number="65" hits="42" branch="false"/>
						<line number="67" hits="6" branch="false"/>
						<line number="68" hits="6" branch="false"/>
						<line number="69" hits="6" branch="false"/>
						<line number="70" hits="6" branch="false"/>
						<line number="71" hits="6" branch="false"/>
						<line number="72" hits="6" branch="false"/>
						<line number="74" hits="6" branch="false"/>
						<line number="76" hits="6" branch="false"/>
						<line number="79" hits="6" branch="false"/>
						<line number="80" hits="6" branch="false"/>
						<line number="81" hits="6" branch="false"/>
						<line number="82" hits="6" branch="false"/>
						<line number="83" hits="6" branch="false"/>
						<line number="84" hits="6" branch="false"/>
						<line number="85" hits="6" branch="false"/>
						<line number="87" hits="6" branch="false"/>
						<line number="88" hits="36" branch="false"/>
						<line number="89" hits="42" branch="false"/>
					</lines>
				</class>
			</classes>
		</package>
		<package name="cat.albirar.communications.providers" line-rate="1.0" branch-rate="1.0" complexity="1.0">
			<classes>
				<class name="cat.albirar.communications.providers.ProviderException" filename="cat/albirar/communications/providers/ProviderException.java" line-rate="1.0" branch-rate="1.0" complexity="1.0">
					<methods>
						<method name="&lt;init&gt;" signature="(Ljava/lang/String;)V" line-rate="1.0" branch-rate="1.0" complexity="0">
							<lines>
								<line number="32" hits="13" branch="false"/>
								<line number="33" hits="13" branch="false"/>
							</lines>
						</method>
						<method name="&lt;init&gt;" signature="(Ljava/lang/String;Ljava/lang/Throwable;)V" line-rate="1.0" branch-rate="1.0" complexity="0">
							<lines>
								<line number="38" hits="2" branch="false"/>
								<line number="39" hits="2" branch="false"/>
							</lines>
						</method>
					</methods>
					<lines>
						<line number="32" hits="13" branch="false"/>
						<line number="33" hits="13" branch="false"/>
						<line number="38" hits="2" branch="false"/>
						<line number="39" hits="2" branch="false"/>
					</lines>
				</class>
			</classes>
		</package>
		<package name="cat.albirar.communications.services" line-rate="1.0" branch-rate="1.0" complexity="1.0">
			<classes>
				<class name="cat.albirar.communications.services.ServiceException" filename="cat/albirar/communications/services/ServiceException.java" line-rate="1.0" branch-rate="1.0" complexity="1.0">
					<methods>
						<method name="&lt;init&gt;" signature="(Ljava/lang/String;Ljava/lang/Throwable;)V" line-rate="1.0" branch-rate="1.0" complexity="0">
							<lines>
								<line number="32" hits="42" branch="false"/>
								<line number="33" hits="42" branch="false"/>
							</lines>
						</method>
					</methods>
					<lines>
						<line number="32" hits="42" branch="false"/>
						<line number="33" hits="42" branch="false"/>
					</lines>
				</class>
			</classes>
		</package>
		<package name="cat.albirar.communications.services.impl" line-rate="0.9365079365079365" branch-rate="1.0" complexity="2.8">
			<classes>
				<class name="cat.albirar.communications.services.impl.CommunicationServiceImpl" filename="cat/albirar/communications/services/impl/CommunicationServiceImpl.java" line-rate="1.0" branch-rate="1.0" complexity="2.5">
					<methods>
						<method name="&lt;clinit&gt;" signature="()V" line-rate="1.0" branch-rate="1.0" complexity="0">
							<lines>
								<line number="50" hits="36" branch="false"/>
							</lines>
						</method>
						<method name="&lt;init&gt;" signature="()V" line-rate="1.0" branch-rate="1.0" complexity="0">
							<lines>
								<line number="49" hits="36" branch="false"/>
								<line number="64" hits="36" branch="false"/>
								<line number="66" hits="36" branch="false"/>
								<line number="68" hits="36" branch="false"/>
							</lines>
						</method>
						<method name="createCorrelationData" signature="()Lorg/springframework/amqp/rabbit/connection/CorrelationData;" line-rate="1.0" branch-rate="1.0" complexity="0">
							<lines>
								<line number="127" hits="165" branch="false"/>
							</lines>
						</method>
						<method name="isStatusMessage" signature="(Ljava/lang/String;)Z" line-rate="1.0" branch-rate="1.0" complexity="0">
							<lines>
								<line number="83" hits="121" branch="false"/>
							</lines>
						</method>
						<method name="popStatusMessage" signature="(Ljava/lang/String;)Ljava/util/Optional;" line-rate="1.0" branch-rate="1.0" complexity="0">
							<lines>
								<line number="75" hits="37" branch="false"/>
							</lines>
						</method>
						<method name="pushMessage" signature="(Lcat/albirar/communications/messages/models/MessageBean;)Ljava/lang/String;" line-rate="1.0" branch-rate="1.0" complexity="0">
							<lines>
								<line number="95" hits="165" branch="false"/>
								<line number="96" hits="165" branch="false"/>
								<line number="97" hits="165" branch="true" condition-coverage="100% (2/2)">
									<conditions>
										<condition number="0" type="jump" coverage="100%"/>
									</conditions>
								</line>
								<line number="98" hits="93" branch="false"/>
								<line number="100" hits="72" branch="false"/>
								<line number="103" hits="165" branch="false"/>
								<line number="104" hits="165" branch="false"/>
								<line number="105" hits="165" branch="false"/>
								<line number="106" hits="153" branch="false"/>
								<line number="107" hits="147" branch="false"/>
								<line number="108" hits="147" branch="false"/>
								<line number="109" hits="12" branch="false"/>
								<line number="111" hits="12" branch="false"/>
								<line number="112" hits="12" branch="false"/>
								<line number="113" hits="12" branch="false"/>
								<line number="114" hits="6" branch="false"/>
								<line number="116" hits="6" branch="false"/>
								<line number="117" hits="6" branch="false"/>
								<line number="118" hits="6" branch="false"/>
							</lines>
						</method>
					</methods>
					<lines>
						<line number="49" hits="36" branch="false"/>
						<line number="50" hits="36" branch="false"/>
						<line number="64" hits="36" branch="false"/>
						<line number="66" hits="36" branch="false"/>
						<line number="68" hits="36" branch="false"/>
						<line number="75" hits="37" branch="false"/>
						<line number="83" hits="121" branch="false"/>
						<line number="95" hits="165" branch="false"/>
						<line number="96" hits="165" branch="false"/>
						<line number="97" hits="165" branch="true" condition-coverage="100% (2/2)">
							<conditions>
								<condition number="0" type="jump" coverage="100%"/>
							</conditions>
						</line>
						<line number="98" hits="93" branch="false"/>
						<line number="100" hits="72" branch="false"/>
						<line number="103" hits="165" branch="false"/>
						<line number="104" hits="165" branch="false"/>
						<line number="105" hits="165" branch="false"/>
						<line number="106" hits="153" branch="false"/>
						<line number="107" hits="147" branch="false"/>
						<line number="108" hits="147" branch="false"/>
						<line number="109" hits="12" branch="false"/>
						<line number="111" hits="12" branch="false"/>
						<line number="112" hits="12" branch="false"/>
						<line number="113" hits="12" branch="false"/>
						<line number="114" hits="6" branch="false"/>
						<line number="116" hits="6" branch="false"/>
						<line number="117" hits="6" branch="false"/>
						<line number="118" hits="6" branch="false"/>
						<line number="127" hits="165" branch="false"/>
					</lines>
				</class>
				<class name="cat.albirar.communications.services.impl.ReportRegister" filename="cat/albirar/communications/services/impl/ReportRegister.java" line-rate="0.8888888888888888" branch-rate="1.0" complexity="3.0">
					<methods>
						<method name="&lt;init&gt;" signature="()V" line-rate="1.0" branch-rate="1.0" complexity="0">
							<lines>
								<line number="43" hits="36" branch="false"/>
								<line number="44" hits="36" branch="false"/>
								<line number="45" hits="36" branch="false"/>
							</lines>
						</method>
						<method name="getAndDeleteReport" signature="(Ljava/lang/String;)Ljava/util/Optional;" line-rate="0.8571428571428571" branch-rate="1.0" complexity="0">
							<lines>
								<line number="65" hits="1236" branch="false"/>
								<line number="66" hits="1237" branch="true" condition-coverage="100% (2/2)">
									<conditions>
										<condition number="0" type="jump" coverage="100%"/>
									</conditions>
								</line>
								<line number="67" hits="1242" branch="true" condition-coverage="100% (2/2)">
									<conditions>
										<condition number="0" type="jump" coverage="100%"/>
									</conditions>
								</line>
								<line number="68" hits="637" branch="false"/>
								<line number="70" hits="605" branch="false"/>
								<line number="71" hits="600" branch="false"/>
								<line number="72" hits="0" branch="false"/>
							</lines>
						</method>
						<method name="getReport" signature="(Ljava/lang/String;)Ljava/util/Optional;" line-rate="0.8571428571428571" branch-rate="1.0" complexity="0">
							<lines>
								<line number="51" hits="1199" branch="false"/>
								<line number="52" hits="1200" branch="true" condition-coverage="100% (2/2)">
									<conditions>
										<condition number="0" type="jump" coverage="100%"/>
									</conditions>
								</line>
								<line number="53" hits="1190" branch="true" condition-coverage="100% (2/2)">
									<conditions>
										<condition number="0" type="jump" coverage="100%"/>
									</conditions>
								</line>
								<line number="54" hits="600" branch="false"/>
								<line number="56" hits="590" branch="false"/>
								<line number="57" hits="600" branch="false"/>
								<line number="58" hits="0" branch="false"/>
							</lines>
						</method>
						<method name="isReport" signature="(Ljava/lang/String;)Z" line-rate="0.8571428571428571" branch-rate="1.0" complexity="0">
							<lines>
								<line number="79" hits="3118" branch="false"/>
								<line number="80" hits="3121" branch="true" condition-coverage="100% (2/2)">
									<conditions>
										<condition number="0" type="jump" coverage="100%"/>
									</conditions>
								</line>
								<line number="81" hits="3050" branch="true" condition-coverage="100% (2/2)">
									<conditions>
										<condition number="0" type="jump" coverage="100%"/>
									</conditions>
								</line>
								<line number="82" hits="643" branch="false"/>
								<line number="84" hits="2407" branch="false"/>
								<line number="85" hits="2478" branch="false"/>
								<line number="86" hits="0" branch="false"/>
							</lines>
						</method>
						<method name="putReport" signature="(Ljava/lang/String;Ljava/lang/String;Lcat/albirar/communications/status/models/MessageStatusBean;)V" line-rate="1.0" branch-rate="1.0" complexity="0">
							<lines>
								<line number="95" hits="2469" branch="false"/>
								<line number="96" hits="2470" branch="true" condition-coverage="100% (2/2)">
									<conditions>
										<condition number="0" type="jump" coverage="100%"/>
									</conditions>
								</line>
								<line number="97" hits="39" branch="false"/>
								<line number="99" hits="2470" branch="false"/>
								<line number="100" hits="2470" branch="false"/>
								<line number="101" hits="2470" branch="false"/>
								<line number="102" hits="2470" branch="false"/>
							</lines>
						</method>
						<method name="removeReport" signature="(Ljava/lang/String;Ljava/lang/String;)Ljava/util/Optional;" line-rate="0.8" branch-rate="1.0" complexity="0">
							<lines>
								<line number="108" hits="2437" branch="false"/>
								<line number="109" hits="2437" branch="true" condition-coverage="100% (2/2)">
									<conditions>
										<condition number="0" type="jump" coverage="100%"/>
									</conditions>
								</line>
								<line number="110" hits="2426" branch="false"/>
								<line number="112" hits="11" branch="false"/>
								<line number="113" hits="0" branch="false"/>
							</lines>
						</method>
					</methods>
					<lines>
						<line number="43" hits="36" branch="false"/>
						<line number="44" hits="36" branch="false"/>
						<line number="45" hits="36" branch="false"/>
						<line number="51" hits="1199" branch="false"/>
						<line number="52" hits="1200" branch="true" condition-coverage="100% (2/2)">
							<conditions>
								<condition number="0" type="jump" coverage="100%"/>
							</conditions>
						</line>
						<line number="53" hits="1190" branch="true" condition-coverage="100% (2/2)">
							<conditions>
								<condition number="0" type="jump" coverage="100%"/>
							</conditions>
						</line>
						<line number="54" hits="600" branch="false"/>
						<line number="56" hits="590" branch="false"/>
						<line number="57" hits="600" branch="false"/>
						<line number="58" hits="0" branch="false"/>
						<line number="65" hits="1236" branch="false"/>
						<line number="66" hits="1237" branch="true" condition-coverage="100% (2/2)">
							<conditions>
								<condition number="0" type="jump" coverage="100%"/>
							</conditions>
						</line>
						<line number="67" hits="1242" branch="true" condition-coverage="100% (2/2)">
							<conditions>
								<condition number="0" type="jump" coverage="100%"/>
							</conditions>
						</line>
						<line number="68" hits="637" branch="false"/>
						<line number="70" hits="605" branch="false"/>
						<line number="71" hits="600" branch="false"/>
						<line number="72" hits="0" branch="false"/>
						<line number="79" hits="3118" branch="false"/>
						<line number="80" hits="3121" branch="true" condition-coverage="100% (2/2)">
							<conditions>
								<condition number="0" type="jump" coverage="100%"/>
							</conditions>
						</line>
						<line number="81" hits="3050" branch="true" condition-coverage="100% (2/2)">
							<conditions>
								<condition number="0" type="jump" coverage="100%"/>
							</conditions>
						</line>
						<line number="82" hits="643" branch="false"/>
						<line number="84" hits="2407" branch="false"/>
						<line number="85" hits="2478" branch="false"/>
						<line number="86" hits="0" branch="false"/>
						<line number="95" hits="2469" branch="false"/>
						<line number="96" hits="2470" branch="true" condition-coverage="100% (2/2)">
							<conditions>
								<condition number="0" type="jump" coverage="100%"/>
							</conditions>
						</line>
						<line number="97" hits="39" branch="false"/>
						<line number="99" hits="2470" branch="false"/>
						<line number="100" hits="2470" branch="false"/>
						<line number="101" hits="2470" branch="false"/>
						<line number="102" hits="2470" branch="false"/>
						<line number="108" hits="2437" branch="false"/>
						<line number="109" hits="2437" branch="true" condition-coverage="100% (2/2)">
							<conditions>
								<condition number="0" type="jump" coverage="100%"/>
							</conditions>
						</line>
						<line number="110" hits="2426" branch="false"/>
						<line number="112" hits="11" branch="false"/>
						<line number="113" hits="0" branch="false"/>
					</lines>
				</class>
			</classes>
		</package>
		<package name="cat.albirar.communications.status" line-rate="1.0" branch-rate="1.0" complexity="0.0">
			<classes>
				<class name="cat.albirar.communications.status.EStatusMessage" filename="cat/albirar/communications/status/EStatusMessage.java" line-rate="1.0" branch-rate="1.0" complexity="0.0">
					<methods>
						<method name="&lt;clinit&gt;" signature="()V" line-rate="1.0" branch-rate="1.0" complexity="0">
							<lines>
								<line number="28" hits="154" branch="false"/>
								<line number="32" hits="32" branch="false"/>
								<line number="36" hits="32" branch="false"/>
								<line number="40" hits="32" branch="false"/>
							</lines>
						</method>
						<method name="&lt;init&gt;" signature="(Ljava/lang/String;I)V" line-rate="1.0" branch-rate="1.0" complexity="0">
							<lines>
							</lines>
						</method>
						<method name="valueOf" signature="(Ljava/lang/String;)Lcat/albirar/communications/status/EStatusMessage;" line-rate="1.0" branch-rate="1.0" complexity="0">
							<lines>
							</lines>
						</method>
						<method name="values" signature="()[Lcat/albirar/communications/status/EStatusMessage;" line-rate="1.0" branch-rate="1.0" complexity="0">
							<lines>
							</lines>
						</method>
					</methods>
					<lines>
						<line number="28" hits="154" branch="false"/>
						<line number="32" hits="32" branch="false"/>
						<line number="36" hits="32" branch="false"/>
						<line number="40" hits="32" branch="false"/>
					</lines>
				</class>
			</classes>
		</package>
	</packages>
</coverage>
