<?xml version="1.0"?>
<!DOCTYPE coverage SYSTEM "http://cobertura.sourceforge.net/xml/coverage-04.dtd">

<coverage line-rate="0.9765625" branch-rate="1.0" lines-covered="250" lines-valid="256" branches-covered="22" branches-valid="22" complexity="1.673913043478261" version="2.1.1" timestamp="1613588397223">
	<sources>
		<source>/home/octavi/Dropbox/feina/projectes/fam/albirar-communications/core/src/main/java</source>
		<source>--source</source>
		<source>/home/octavi/Dropbox/feina/projectes/fam/albirar-communications/core/target/generated-sources/delombok</source>
	</sources>
	<packages>
		<package name="cat.albirar.communications.core.configuration" line-rate="1.0" branch-rate="1.0" complexity="1.0">
			<classes>
				<class name="cat.albirar.communications.core.configuration.AlbirarCommunicationsConfiguration" filename="cat/albirar/communications/core/configuration/AlbirarCommunicationsConfiguration.java" line-rate="1.0" branch-rate="1.0" complexity="1.0">
					<methods>
						<method name="&lt;clinit&gt;" signature="()V" line-rate="1.0" branch-rate="1.0" complexity="0">
							<lines>
								<line number="71" hits="5" branch="false"/>
							</lines>
						</method>
						<method name="&lt;init&gt;" signature="()V" line-rate="1.0" branch-rate="1.0" complexity="0">
							<lines>
								<line number="70" hits="5" branch="false"/>
								<line number="84" hits="5" branch="false"/>
								<line number="86" hits="5" branch="false"/>
								<line number="87" hits="5" branch="false"/>
								<line number="88" hits="5" branch="false"/>
								<line number="89" hits="5" branch="false"/>
							</lines>
						</method>
						<method name="bindingEmailReport" signature="(Lorg/springframework/amqp/core/Queue;Lorg/springframework/amqp/core/TopicExchange;)Lorg/springframework/amqp/core/Binding;" line-rate="1.0" branch-rate="1.0" complexity="0">
							<lines>
								<line number="202" hits="5" branch="false"/>
							</lines>
						</method>
						<method name="bindingEmailSend" signature="(Lorg/springframework/amqp/core/Queue;Lorg/springframework/amqp/core/TopicExchange;)Lorg/springframework/amqp/core/Binding;" line-rate="1.0" branch-rate="1.0" complexity="0">
							<lines>
								<line number="197" hits="5" branch="false"/>
							</lines>
						</method>
						<method name="bindingReportSend" signature="(Lorg/springframework/amqp/core/Queue;Lorg/springframework/amqp/core/TopicExchange;)Lorg/springframework/amqp/core/Binding;" line-rate="1.0" branch-rate="1.0" complexity="0">
							<lines>
								<line number="212" hits="5" branch="false"/>
							</lines>
						</method>
						<method name="bindingSmsSend" signature="(Lorg/springframework/amqp/core/Queue;Lorg/springframework/amqp/core/TopicExchange;)Lorg/springframework/amqp/core/Binding;" line-rate="1.0" branch-rate="1.0" complexity="0">
							<lines>
								<line number="207" hits="5" branch="false"/>
							</lines>
						</method>
						<method name="connectionFactory" signature="()Lorg/springframework/amqp/rabbit/connection/ConnectionFactory;" line-rate="1.0" branch-rate="1.0" complexity="0">
							<lines>
								<line number="117" hits="10" branch="false"/>
								<line number="118" hits="5" branch="false"/>
								<line number="119" hits="5" branch="false"/>
								<line number="120" hits="5" branch="false"/>
								<line number="121" hits="5" branch="false"/>
								<line number="122" hits="5" branch="false"/>
								<line number="123" hits="5" branch="false"/>
								<line number="125" hits="5" branch="false"/>
								<line number="126" hits="5" branch="false"/>
								<line number="127" hits="5" branch="false"/>
								<line number="128" hits="5" branch="false"/>
								<line number="129" hits="5" branch="false"/>
								<line number="130" hits="5" branch="false"/>
							</lines>
						</method>
						<method name="emailReportQueue" signature="()Lorg/springframework/amqp/core/Queue;" line-rate="1.0" branch-rate="1.0" complexity="0">
							<lines>
								<line number="181" hits="5" branch="false"/>
							</lines>
						</method>
						<method name="emailSendQueue" signature="()Lorg/springframework/amqp/core/Queue;" line-rate="1.0" branch-rate="1.0" complexity="0">
							<lines>
								<line number="169" hits="5" branch="false"/>
							</lines>
						</method>
						<method name="exchange" signature="()Lorg/springframework/amqp/core/TopicExchange;" line-rate="1.0" branch-rate="1.0" complexity="0">
							<lines>
								<line number="192" hits="5" branch="false"/>
							</lines>
						</method>
						<method name="listenerReportEmail" signature="(Lorg/springframework/amqp/rabbit/connection/ConnectionFactory;Lcat/albirar/communications/core/processors/impl/EmailReportProcessor;Lorg/springframework/amqp/core/Queue;)Lorg/springframework/amqp/rabbit/listener/SimpleMessageListenerContainer;" line-rate="1.0" branch-rate="1.0" complexity="0">
							<lines>
								<line number="240" hits="5" branch="false"/>
								<line number="241" hits="5" branch="false"/>
								<line number="242" hits="5" branch="false"/>
								<line number="243" hits="5" branch="false"/>
								<line number="244" hits="5" branch="false"/>
							</lines>
						</method>
						<method name="listenerReportSms" signature="(Lorg/springframework/amqp/rabbit/connection/ConnectionFactory;Lcat/albirar/communications/core/processors/impl/SmsReportProcessor;Lorg/springframework/amqp/core/Queue;)Lorg/springframework/amqp/rabbit/listener/SimpleMessageListenerContainer;" line-rate="1.0" branch-rate="1.0" complexity="0">
							<lines>
								<line number="251" hits="5" branch="false"/>
								<line number="252" hits="5" branch="false"/>
								<line number="253" hits="5" branch="false"/>
								<line number="254" hits="5" branch="false"/>
								<line number="255" hits="5" branch="false"/>
							</lines>
						</method>
						<method name="listenerSendEmail" signature="(Lorg/springframework/amqp/rabbit/connection/ConnectionFactory;Lcat/albirar/communications/core/processors/impl/EmailSenderProcessor;Lorg/springframework/amqp/core/Queue;)Lorg/springframework/amqp/rabbit/listener/SimpleMessageListenerContainer;" line-rate="1.0" branch-rate="1.0" complexity="0">
							<lines>
								<line number="219" hits="5" branch="false"/>
								<line number="220" hits="5" branch="false"/>
								<line number="221" hits="5" branch="false"/>
								<line number="222" hits="5" branch="false"/>
								<line number="223" hits="5" branch="false"/>
							</lines>
						</method>
						<method name="listenerSendSms" signature="(Lorg/springframework/amqp/rabbit/connection/ConnectionFactory;Lcat/albirar/communications/core/processors/impl/SmsSenderProcessor;Lorg/springframework/amqp/core/Queue;)Lorg/springframework/amqp/rabbit/listener/SimpleMessageListenerContainer;" line-rate="1.0" branch-rate="1.0" complexity="0">
							<lines>
								<line number="230" hits="5" branch="false"/>
								<line number="231" hits="5" branch="false"/>
								<line number="232" hits="5" branch="false"/>
								<line number="233" hits="5" branch="false"/>
								<line number="234" hits="5" branch="false"/>
							</lines>
						</method>
						<method name="messageConverter" signature="()Lorg/springframework/amqp/support/converter/MessageConverter;" line-rate="1.0" branch-rate="1.0" complexity="0">
							<lines>
								<line number="148" hits="5" branch="false"/>
								<line number="149" hits="5" branch="false"/>
								<line number="150" hits="5" branch="false"/>
								<line number="152" hits="5" branch="false"/>
							</lines>
						</method>
						<method name="namingStrategy" signature="()Lorg/springframework/amqp/core/NamingStrategy;" line-rate="1.0" branch-rate="1.0" complexity="0">
							<lines>
								<line number="109" hits="5" branch="false"/>
							</lines>
						</method>
						<method name="rabbitAdmin" signature="(Lorg/springframework/amqp/rabbit/connection/ConnectionFactory;)Lorg/springframework/amqp/rabbit/core/RabbitAdmin;" line-rate="1.0" branch-rate="1.0" complexity="0">
							<lines>
								<line number="138" hits="5" branch="false"/>
								<line number="139" hits="5" branch="false"/>
							</lines>
						</method>
						<method name="rabbitTemplate" signature="(Lorg/springframework/amqp/rabbit/connection/ConnectionFactory;Lorg/springframework/amqp/support/converter/MessageConverter;)Lorg/springframework/amqp/rabbit/core/RabbitTemplate;" line-rate="1.0" branch-rate="1.0" complexity="0">
							<lines>
								<line number="160" hits="5" branch="false"/>
								<line number="161" hits="5" branch="false"/>
								<line number="163" hits="5" branch="false"/>
							</lines>
						</method>
						<method name="smsReportQueue" signature="()Lorg/springframework/amqp/core/Queue;" line-rate="1.0" branch-rate="1.0" complexity="0">
							<lines>
								<line number="187" hits="5" branch="false"/>
							</lines>
						</method>
						<method name="smsSendQueue" signature="()Lorg/springframework/amqp/core/Queue;" line-rate="1.0" branch-rate="1.0" complexity="0">
							<lines>
								<line number="175" hits="5" branch="false"/>
							</lines>
						</method>
						<method name="validationPostProcessor" signature="()Lorg/springframework/validation/beanvalidation/MethodValidationPostProcessor;" line-rate="1.0" branch-rate="1.0" complexity="0">
							<lines>
								<line number="102" hits="5" branch="false"/>
							</lines>
						</method>
						<method name="validator" signature="()Lorg/springframework/validation/beanvalidation/LocalValidatorFactoryBean;" line-rate="1.0" branch-rate="1.0" complexity="0">
							<lines>
								<line number="96" hits="5" branch="false"/>
							</lines>
						</method>
					</methods>
					<lines>
						<line number="70" hits="5" branch="false"/>
						<line number="71" hits="5" branch="false"/>
						<line number="84" hits="5" branch="false"/>
						<line number="86" hits="5" branch="false"/>
						<line number="87" hits="5" branch="false"/>
						<line number="88" hits="5" branch="false"/>
						<line number="89" hits="5" branch="false"/>
						<line number="96" hits="5" branch="false"/>
						<line number="102" hits="5" branch="false"/>
						<line number="109" hits="5" branch="false"/>
						<line number="117" hits="10" branch="false"/>
						<line number="118" hits="5" branch="false"/>
						<line number="119" hits="5" branch="false"/>
						<line number="120" hits="5" branch="false"/>
						<line number="121" hits="5" branch="false"/>
						<line number="122" hits="5" branch="false"/>
						<line number="123" hits="5" branch="false"/>
						<line number="125" hits="5" branch="false"/>
						<line number="126" hits="5" branch="false"/>
						<line number="127" hits="5" branch="false"/>
						<line number="128" hits="5" branch="false"/>
						<line number="129" hits="5" branch="false"/>
						<line number="130" hits="5" branch="false"/>
						<line number="138" hits="5" branch="false"/>
						<line number="139" hits="5" branch="false"/>
						<line number="148" hits="5" branch="false"/>
						<line number="149" hits="5" branch="false"/>
						<line number="150" hits="5" branch="false"/>
						<line number="152" hits="5" branch="false"/>
						<line number="160" hits="5" branch="false"/>
						<line number="161" hits="5" branch="false"/>
						<line number="163" hits="5" branch="false"/>
						<line number="169" hits="5" branch="false"/>
						<line number="175" hits="5" branch="false"/>
						<line number="181" hits="5" branch="false"/>
						<line number="187" hits="5" branch="false"/>
						<line number="192" hits="5" branch="false"/>
						<line number="197" hits="5" branch="false"/>
						<line number="202" hits="5" branch="false"/>
						<line number="207" hits="5" branch="false"/>
						<line number="212" hits="5" branch="false"/>
						<line number="219" hits="5" branch="false"/>
						<line number="220" hits="5" branch="false"/>
						<line number="221" hits="5" branch="false"/>
						<line number="222" hits="5" branch="false"/>
						<line number="223" hits="5" branch="false"/>
						<line number="230" hits="5" branch="false"/>
						<line number="231" hits="5" branch="false"/>
						<line number="232" hits="5" branch="false"/>
						<line number="233" hits="5" branch="false"/>
						<line number="234" hits="5" branch="false"/>
						<line number="240" hits="5" branch="false"/>
						<line number="241" hits="5" branch="false"/>
						<line number="242" hits="5" branch="false"/>
						<line number="243" hits="5" branch="false"/>
						<line number="244" hits="5" branch="false"/>
						<line number="251" hits="5" branch="false"/>
						<line number="252" hits="5" branch="false"/>
						<line number="253" hits="5" branch="false"/>
						<line number="254" hits="5" branch="false"/>
						<line number="255" hits="5" branch="false"/>
					</lines>
				</class>
				<class name="cat.albirar.communications.core.configuration.AutoconfigureAlbirarCommunicationsCore" filename="cat/albirar/communications/core/configuration/AutoconfigureAlbirarCommunicationsCore.java" line-rate="1.0" branch-rate="1.0" complexity="0.0">
					<methods>
					</methods>
					<lines>
					</lines>
				</class>
			</classes>
		</package>
		<package name="cat.albirar.communications.core.processors.impl" line-rate="1.0" branch-rate="1.0" complexity="2.0">
			<classes>
				<class name="cat.albirar.communications.core.processors.impl.AbstractReportProcessor" filename="cat/albirar/communications/core/processors/impl/AbstractReportProcessor.java" line-rate="1.0" branch-rate="1.0" complexity="1.5">
					<methods>
						<method name="&lt;clinit&gt;" signature="()V" line-rate="1.0" branch-rate="1.0" complexity="0">
							<lines>
								<line number="41" hits="5" branch="false"/>
							</lines>
						</method>
						<method name="&lt;init&gt;" signature="()V" line-rate="1.0" branch-rate="1.0" complexity="0">
							<lines>
								<line number="40" hits="10" branch="false"/>
								<line number="49" hits="10" branch="false"/>
								<line number="51" hits="10" branch="false"/>
							</lines>
						</method>
						<method name="getManagedMessages" signature="()J" line-rate="1.0" branch-rate="1.0" complexity="0">
							<lines>
								<line number="58" hits="10" branch="false"/>
							</lines>
						</method>
						<method name="getProcessedMessages" signature="()J" line-rate="1.0" branch-rate="1.0" complexity="0">
							<lines>
								<line number="65" hits="2" branch="false"/>
							</lines>
						</method>
						<method name="onMessage" signature="(Lorg/springframework/amqp/core/Message;)V" line-rate="1.0" branch-rate="1.0" complexity="0">
							<lines>
								<line number="75" hits="15" branch="false"/>
								<line number="76" hits="15" branch="false"/>
								<line number="78" hits="15" branch="false"/>
								<line number="80" hits="13" branch="false"/>
								<line number="81" hits="11" branch="false"/>
								<line number="82" hits="11" branch="false"/>
								<line number="83" hits="2" branch="false"/>
								<line number="84" hits="2" branch="false"/>
								<line number="85" hits="11" branch="false"/>
								<line number="86" hits="2" branch="false"/>
								<line number="87" hits="2" branch="false"/>
								<line number="88" hits="13" branch="false"/>
								<line number="89" hits="15" branch="false"/>
							</lines>
						</method>
					</methods>
					<lines>
						<line number="40" hits="10" branch="false"/>
						<line number="41" hits="5" branch="false"/>
						<line number="49" hits="10" branch="false"/>
						<line number="51" hits="10" branch="false"/>
						<line number="58" hits="10" branch="false"/>
						<line number="65" hits="2" branch="false"/>
						<line number="75" hits="15" branch="false"/>
						<line number="76" hits="15" branch="false"/>
						<line number="78" hits="15" branch="false"/>
						<line number="80" hits="13" branch="false"/>
						<line number="81" hits="11" branch="false"/>
						<line number="82" hits="11" branch="false"/>
						<line number="83" hits="2" branch="false"/>
						<line number="84" hits="2" branch="false"/>
						<line number="85" hits="11" branch="false"/>
						<line number="86" hits="2" branch="false"/>
						<line number="87" hits="2" branch="false"/>
						<line number="88" hits="13" branch="false"/>
						<line number="89" hits="15" branch="false"/>
					</lines>
				</class>
				<class name="cat.albirar.communications.core.processors.impl.AbstractSenderProcessor" filename="cat/albirar/communications/core/processors/impl/AbstractSenderProcessor.java" line-rate="1.0" branch-rate="1.0" complexity="2.4">
					<methods>
						<method name="&lt;clinit&gt;" signature="()V" line-rate="1.0" branch-rate="1.0" complexity="0">
							<lines>
								<line number="47" hits="5" branch="false"/>
							</lines>
						</method>
						<method name="&lt;init&gt;" signature="()V" line-rate="1.0" branch-rate="1.0" complexity="0">
							<lines>
								<line number="46" hits="10" branch="false"/>
								<line number="58" hits="10" branch="false"/>
								<line number="60" hits="10" branch="false"/>
								<line number="62" hits="10" branch="false"/>
							</lines>
						</method>
						<method name="getManagedMessages" signature="()J" line-rate="1.0" branch-rate="1.0" complexity="0">
							<lines>
								<line number="96" hits="18" branch="false"/>
							</lines>
						</method>
						<method name="getProcessedMessages" signature="()J" line-rate="1.0" branch-rate="1.0" complexity="0">
							<lines>
								<line number="103" hits="2" branch="false"/>
							</lines>
						</method>
						<method name="onMessage" signature="(Lorg/springframework/amqp/core/Message;)V" line-rate="1.0" branch-rate="1.0" complexity="0">
							<lines>
								<line number="72" hits="24" branch="false"/>
								<line number="73" hits="24" branch="false"/>
								<line number="75" hits="24" branch="false"/>
								<line number="77" hits="22" branch="false"/>
								<line number="78" hits="19" branch="false"/>
								<line number="79" hits="16" branch="false"/>
								<line number="80" hits="16" branch="false"/>
								<line number="81" hits="2" branch="false"/>
								<line number="82" hits="2" branch="false"/>
								<line number="83" hits="4" branch="false"/>
								<line number="85" hits="4" branch="false"/>
								<line number="86" hits="18" branch="false"/>
								<line number="87" hits="2" branch="false"/>
								<line number="88" hits="2" branch="false"/>
								<line number="89" hits="22" branch="false"/>
								<line number="90" hits="24" branch="false"/>
							</lines>
						</method>
						<method name="reportMessage" signature="(Ljava/lang/String;Lcat/albirar/communications/core/status/models/MessageStatusBean;)V" line-rate="1.0" branch-rate="1.0" complexity="0">
							<lines>
								<line number="121" hits="20" branch="false"/>
								<line number="122" hits="20" branch="false"/>
								<line number="124" hits="20" branch="false"/>
								<line number="125" hits="20" branch="false"/>
								<line number="126" hits="20" branch="false"/>
								<line number="127" hits="20" branch="false"/>
								<line number="128" hits="18" branch="false"/>
								<line number="129" hits="16" branch="false"/>
								<line number="130" hits="2" branch="false"/>
								<line number="132" hits="2" branch="false"/>
								<line number="133" hits="2" branch="false"/>
								<line number="134" hits="2" branch="false"/>
								<line number="135" hits="2" branch="false"/>
								<line number="137" hits="2" branch="false"/>
								<line number="138" hits="2" branch="false"/>
								<line number="139" hits="2" branch="false"/>
								<line number="140" hits="16" branch="false"/>
								<line number="141" hits="16" branch="false"/>
							</lines>
						</method>
					</methods>
					<lines>
						<line number="46" hits="10" branch="false"/>
						<line number="47" hits="5" branch="false"/>
						<line number="58" hits="10" branch="false"/>
						<line number="60" hits="10" branch="false"/>
						<line number="62" hits="10" branch="false"/>
						<line number="72" hits="24" branch="false"/>
						<line number="73" hits="24" branch="false"/>
						<line number="75" hits="24" branch="false"/>
						<line number="77" hits="22" branch="false"/>
						<line number="78" hits="19" branch="false"/>
						<line number="79" hits="16" branch="false"/>
						<line number="80" hits="16" branch="false"/>
						<line number="81" hits="2" branch="false"/>
						<line number="82" hits="2" branch="false"/>
						<line number="83" hits="4" branch="false"/>
						<line number="85" hits="4" branch="false"/>
						<line number="86" hits="18" branch="false"/>
						<line number="87" hits="2" branch="false"/>
						<line number="88" hits="2" branch="false"/>
						<line number="89" hits="22" branch="false"/>
						<line number="90" hits="24" branch="false"/>
						<line number="96" hits="18" branch="false"/>
						<line number="103" hits="2" branch="false"/>
						<line number="121" hits="20" branch="false"/>
						<line number="122" hits="20" branch="false"/>
						<line number="124" hits="20" branch="false"/>
						<line number="125" hits="20" branch="false"/>
						<line number="126" hits="20" branch="false"/>
						<line number="127" hits="20" branch="false"/>
						<line number="128" hits="18" branch="false"/>
						<line number="129" hits="16" branch="false"/>
						<line number="130" hits="2" branch="false"/>
						<line number="132" hits="2" branch="false"/>
						<line number="133" hits="2" branch="false"/>
						<line number="134" hits="2" branch="false"/>
						<line number="135" hits="2" branch="false"/>
						<line number="137" hits="2" branch="false"/>
						<line number="138" hits="2" branch="false"/>
						<line number="139" hits="2" branch="false"/>
						<line number="140" hits="16" branch="false"/>
						<line number="141" hits="16" branch="false"/>
					</lines>
				</class>
				<class name="cat.albirar.communications.core.processors.impl.EmailReportProcessor" filename="cat/albirar/communications/core/processors/impl/EmailReportProcessor.java" line-rate="1.0" branch-rate="1.0" complexity="1.0">
					<methods>
						<method name="&lt;init&gt;" signature="()V" line-rate="1.0" branch-rate="1.0" complexity="0">
							<lines>
								<line number="32" hits="5" branch="false"/>
							</lines>
						</method>
						<method name="processReport" signature="(Lcat/albirar/communications/core/status/models/MessageStatusBean;)V" line-rate="1.0" branch-rate="1.0" complexity="0">
							<lines>
								<line number="38" hits="6" branch="false"/>
								<line number="39" hits="6" branch="false"/>
							</lines>
						</method>
					</methods>
					<lines>
						<line number="32" hits="5" branch="false"/>
						<line number="38" hits="6" branch="false"/>
						<line number="39" hits="6" branch="false"/>
					</lines>
				</class>
				<class name="cat.albirar.communications.core.processors.impl.EmailSenderProcessor" filename="cat/albirar/communications/core/processors/impl/EmailSenderProcessor.java" line-rate="1.0" branch-rate="1.0" complexity="3.0">
					<methods>
						<method name="&lt;clinit&gt;" signature="()V" line-rate="1.0" branch-rate="1.0" complexity="0">
							<lines>
								<line number="46" hits="5" branch="false"/>
							</lines>
						</method>
						<method name="&lt;init&gt;" signature="()V" line-rate="1.0" branch-rate="1.0" complexity="0">
							<lines>
								<line number="45" hits="5" branch="false"/>
							</lines>
						</method>
						<method name="processMessage" signature="(Ljava/lang/String;Lcat/albirar/communications/core/messages/models/MessageBean;)V" line-rate="1.0" branch-rate="1.0" complexity="0">
							<lines>
								<line number="57" hits="11" branch="false"/>
								<line number="59" hits="11" branch="true" condition-coverage="100% (2/2)">
									<conditions>
										<condition number="0" type="jump" coverage="100%"/>
									</conditions>
								</line>
								<line number="61" hits="10" branch="false"/>
								<line number="62" hits="9" branch="false"/>
								<line number="63" hits="9" branch="false"/>
								<line number="64" hits="9" branch="false"/>
								<line number="65" hits="9" branch="false"/>
								<line number="67" hits="9" branch="false"/>
								<line number="69" hits="1" branch="false"/>
								<line number="70" hits="1" branch="false"/>
								<line number="71" hits="1" branch="false"/>
								<line number="72" hits="1" branch="false"/>
								<line number="73" hits="1" branch="false"/>
								<line number="74" hits="1" branch="false"/>
								<line number="76" hits="1" branch="false"/>
								<line number="78" hits="1" branch="false"/>
								<line number="81" hits="1" branch="false"/>
								<line number="82" hits="1" branch="false"/>
								<line number="83" hits="1" branch="false"/>
								<line number="84" hits="1" branch="false"/>
								<line number="85" hits="1" branch="false"/>
								<line number="86" hits="1" branch="false"/>
								<line number="87" hits="1" branch="false"/>
								<line number="89" hits="1" branch="false"/>
								<line number="90" hits="8" branch="false"/>
								<line number="91" hits="9" branch="false"/>
							</lines>
						</method>
					</methods>
					<lines>
						<line number="45" hits="5" branch="false"/>
						<line number="46" hits="5" branch="false"/>
						<line number="57" hits="11" branch="false"/>
						<line number="59" hits="11" branch="true" condition-coverage="100% (2/2)">
							<conditions>
								<condition number="0" type="jump" coverage="100%"/>
							</conditions>
						</line>
						<line number="61" hits="10" branch="false"/>
						<line number="62" hits="9" branch="false"/>
						<line number="63" hits="9" branch="false"/>
						<line number="64" hits="9" branch="false"/>
						<line number="65" hits="9" branch="false"/>
						<line number="67" hits="9" branch="false"/>
						<line number="69" hits="1" branch="false"/>
						<line number="70" hits="1" branch="false"/>
						<line number="71" hits="1" branch="false"/>
						<line number="72" hits="1" branch="false"/>
						<line number="73" hits="1" branch="false"/>
						<line number="74" hits="1" branch="false"/>
						<line number="76" hits="1" branch="false"/>
						<line number="78" hits="1" branch="false"/>
						<line number="81" hits="1" branch="false"/>
						<line number="82" hits="1" branch="false"/>
						<line number="83" hits="1" branch="false"/>
						<line number="84" hits="1" branch="false"/>
						<line number="85" hits="1" branch="false"/>
						<line number="86" hits="1" branch="false"/>
						<line number="87" hits="1" branch="false"/>
						<line number="89" hits="1" branch="false"/>
						<line number="90" hits="8" branch="false"/>
						<line number="91" hits="9" branch="false"/>
					</lines>
				</class>
				<class name="cat.albirar.communications.core.processors.impl.SmsReportProcessor" filename="cat/albirar/communications/core/processors/impl/SmsReportProcessor.java" line-rate="1.0" branch-rate="1.0" complexity="1.0">
					<methods>
						<method name="&lt;init&gt;" signature="()V" line-rate="1.0" branch-rate="1.0" complexity="0">
							<lines>
								<line number="32" hits="5" branch="false"/>
							</lines>
						</method>
						<method name="processReport" signature="(Lcat/albirar/communications/core/status/models/MessageStatusBean;)V" line-rate="1.0" branch-rate="1.0" complexity="0">
							<lines>
								<line number="38" hits="5" branch="false"/>
								<line number="39" hits="5" branch="false"/>
							</lines>
						</method>
					</methods>
					<lines>
						<line number="32" hits="5" branch="false"/>
						<line number="38" hits="5" branch="false"/>
						<line number="39" hits="5" branch="false"/>
					</lines>
				</class>
				<class name="cat.albirar.communications.core.processors.impl.SmsSenderProcessor" filename="cat/albirar/communications/core/processors/impl/SmsSenderProcessor.java" line-rate="1.0" branch-rate="1.0" complexity="3.0">
					<methods>
						<method name="&lt;clinit&gt;" signature="()V" line-rate="1.0" branch-rate="1.0" complexity="0">
							<lines>
								<line number="44" hits="5" branch="false"/>
							</lines>
						</method>
						<method name="&lt;init&gt;" signature="()V" line-rate="1.0" branch-rate="1.0" complexity="0">
							<lines>
								<line number="43" hits="5" branch="false"/>
							</lines>
						</method>
						<method name="processMessage" signature="(Ljava/lang/String;Lcat/albirar/communications/core/messages/models/MessageBean;)V" line-rate="1.0" branch-rate="1.0" complexity="0">
							<lines>
								<line number="54" hits="9" branch="false"/>
								<line number="57" hits="9" branch="true" condition-coverage="100% (2/2)">
									<conditions>
										<condition number="0" type="jump" coverage="100%"/>
									</conditions>
								</line>
								<line number="59" hits="8" branch="false"/>
								<line number="60" hits="7" branch="false"/>
								<line number="61" hits="7" branch="false"/>
								<line number="62" hits="7" branch="false"/>
								<line number="63" hits="7" branch="false"/>
								<line number="65" hits="7" branch="false"/>
								<line number="67" hits="1" branch="false"/>
								<line number="68" hits="1" branch="false"/>
								<line number="69" hits="1" branch="false"/>
								<line number="70" hits="1" branch="false"/>
								<line number="71" hits="1" branch="false"/>
								<line number="72" hits="1" branch="false"/>
								<line number="74" hits="1" branch="false"/>
								<line number="76" hits="1" branch="false"/>
								<line number="79" hits="1" branch="false"/>
								<line number="80" hits="1" branch="false"/>
								<line number="81" hits="1" branch="false"/>
								<line number="82" hits="1" branch="false"/>
								<line number="83" hits="1" branch="false"/>
								<line number="84" hits="1" branch="false"/>
								<line number="85" hits="1" branch="false"/>
								<line number="87" hits="1" branch="false"/>
								<line number="88" hits="6" branch="false"/>
								<line number="89" hits="7" branch="false"/>
							</lines>
						</method>
					</methods>
					<lines>
						<line number="43" hits="5" branch="false"/>
						<line number="44" hits="5" branch="false"/>
						<line number="54" hits="9" branch="false"/>
						<line number="57" hits="9" branch="true" condition-coverage="100% (2/2)">
							<conditions>
								<condition number="0" type="jump" coverage="100%"/>
							</conditions>
						</line>
						<line number="59" hits="8" branch="false"/>
						<line number="60" hits="7" branch="false"/>
						<line number="61" hits="7" branch="false"/>
						<line number="62" hits="7" branch="false"/>
						<line number="63" hits="7" branch="false"/>
						<line number="65" hits="7" branch="false"/>
						<line number="67" hits="1" branch="false"/>
						<line number="68" hits="1" branch="false"/>
						<line number="69" hits="1" branch="false"/>
						<line number="70" hits="1" branch="false"/>
						<line number="71" hits="1" branch="false"/>
						<line number="72" hits="1" branch="false"/>
						<line number="74" hits="1" branch="false"/>
						<line number="76" hits="1" branch="false"/>
						<line number="79" hits="1" branch="false"/>
						<line number="80" hits="1" branch="false"/>
						<line number="81" hits="1" branch="false"/>
						<line number="82" hits="1" branch="false"/>
						<line number="83" hits="1" branch="false"/>
						<line number="84" hits="1" branch="false"/>
						<line number="85" hits="1" branch="false"/>
						<line number="87" hits="1" branch="false"/>
						<line number="88" hits="6" branch="false"/>
						<line number="89" hits="7" branch="false"/>
					</lines>
				</class>
			</classes>
		</package>
		<package name="cat.albirar.communications.core.providers" line-rate="0.5" branch-rate="1.0" complexity="1.0">
			<classes>
				<class name="cat.albirar.communications.core.providers.ProviderException" filename="cat/albirar/communications/core/providers/ProviderException.java" line-rate="0.5" branch-rate="1.0" complexity="1.0">
					<methods>
						<method name="&lt;init&gt;" signature="(Ljava/lang/String;)V" line-rate="1.0" branch-rate="1.0" complexity="0">
							<lines>
								<line number="32" hits="2" branch="false"/>
								<line number="33" hits="2" branch="false"/>
							</lines>
						</method>
						<method name="&lt;init&gt;" signature="(Ljava/lang/String;Ljava/lang/Throwable;)V" line-rate="0.0" branch-rate="1.0" complexity="0">
							<lines>
								<line number="38" hits="0" branch="false"/>
								<line number="39" hits="0" branch="false"/>
							</lines>
						</method>
					</methods>
					<lines>
						<line number="32" hits="2" branch="false"/>
						<line number="33" hits="2" branch="false"/>
						<line number="38" hits="0" branch="false"/>
						<line number="39" hits="0" branch="false"/>
					</lines>
				</class>
			</classes>
		</package>
		<package name="cat.albirar.communications.core.services" line-rate="1.0" branch-rate="1.0" complexity="1.0">
			<classes>
				<class name="cat.albirar.communications.core.services.ServiceException" filename="cat/albirar/communications/core/services/ServiceException.java" line-rate="1.0" branch-rate="1.0" complexity="1.0">
					<methods>
						<method name="&lt;init&gt;" signature="(Ljava/lang/String;Ljava/lang/Throwable;)V" line-rate="1.0" branch-rate="1.0" complexity="0">
							<lines>
								<line number="32" hits="7" branch="false"/>
								<line number="33" hits="7" branch="false"/>
							</lines>
						</method>
					</methods>
					<lines>
						<line number="32" hits="7" branch="false"/>
						<line number="33" hits="7" branch="false"/>
					</lines>
				</class>
			</classes>
		</package>
		<package name="cat.albirar.communications.core.services.impl" line-rate="0.9365079365079365" branch-rate="1.0" complexity="2.8">
			<classes>
				<class name="cat.albirar.communications.core.services.impl.CommunicationServiceImpl" filename="cat/albirar/communications/core/services/impl/CommunicationServiceImpl.java" line-rate="1.0" branch-rate="1.0" complexity="2.5">
					<methods>
						<method name="&lt;clinit&gt;" signature="()V" line-rate="1.0" branch-rate="1.0" complexity="0">
							<lines>
								<line number="50" hits="5" branch="false"/>
							</lines>
						</method>
						<method name="&lt;init&gt;" signature="()V" line-rate="1.0" branch-rate="1.0" complexity="0">
							<lines>
								<line number="49" hits="5" branch="false"/>
								<line number="64" hits="5" branch="false"/>
								<line number="66" hits="5" branch="false"/>
								<line number="68" hits="5" branch="false"/>
							</lines>
						</method>
						<method name="createCorrelationData" signature="()Lorg/springframework/amqp/rabbit/connection/CorrelationData;" line-rate="1.0" branch-rate="1.0" complexity="0">
							<lines>
								<line number="127" hits="27" branch="false"/>
							</lines>
						</method>
						<method name="isStatusMessage" signature="(Ljava/lang/String;)Z" line-rate="1.0" branch-rate="1.0" complexity="0">
							<lines>
								<line number="83" hits="20" branch="false"/>
							</lines>
						</method>
						<method name="popStatusMessage" signature="(Ljava/lang/String;)Ljava/util/Optional;" line-rate="1.0" branch-rate="1.0" complexity="0">
							<lines>
								<line number="75" hits="6" branch="false"/>
							</lines>
						</method>
						<method name="pushMessage" signature="(Lcat/albirar/communications/core/messages/models/MessageBean;)Ljava/lang/String;" line-rate="1.0" branch-rate="1.0" complexity="0">
							<lines>
								<line number="95" hits="27" branch="false"/>
								<line number="96" hits="27" branch="false"/>
								<line number="97" hits="27" branch="true" condition-coverage="100% (2/2)">
									<conditions>
										<condition number="0" type="jump" coverage="100%"/>
									</conditions>
								</line>
								<line number="98" hits="15" branch="false"/>
								<line number="100" hits="12" branch="false"/>
								<line number="103" hits="27" branch="false"/>
								<line number="104" hits="27" branch="false"/>
								<line number="105" hits="27" branch="false"/>
								<line number="106" hits="25" branch="false"/>
								<line number="107" hits="24" branch="false"/>
								<line number="108" hits="24" branch="false"/>
								<line number="109" hits="2" branch="false"/>
								<line number="111" hits="2" branch="false"/>
								<line number="112" hits="2" branch="false"/>
								<line number="113" hits="2" branch="false"/>
								<line number="114" hits="1" branch="false"/>
								<line number="116" hits="1" branch="false"/>
								<line number="117" hits="1" branch="false"/>
								<line number="118" hits="1" branch="false"/>
							</lines>
						</method>
					</methods>
					<lines>
						<line number="49" hits="5" branch="false"/>
						<line number="50" hits="5" branch="false"/>
						<line number="64" hits="5" branch="false"/>
						<line number="66" hits="5" branch="false"/>
						<line number="68" hits="5" branch="false"/>
						<line number="75" hits="6" branch="false"/>
						<line number="83" hits="20" branch="false"/>
						<line number="95" hits="27" branch="false"/>
						<line number="96" hits="27" branch="false"/>
						<line number="97" hits="27" branch="true" condition-coverage="100% (2/2)">
							<conditions>
								<condition number="0" type="jump" coverage="100%"/>
							</conditions>
						</line>
						<line number="98" hits="15" branch="false"/>
						<line number="100" hits="12" branch="false"/>
						<line number="103" hits="27" branch="false"/>
						<line number="104" hits="27" branch="false"/>
						<line number="105" hits="27" branch="false"/>
						<line number="106" hits="25" branch="false"/>
						<line number="107" hits="24" branch="false"/>
						<line number="108" hits="24" branch="false"/>
						<line number="109" hits="2" branch="false"/>
						<line number="111" hits="2" branch="false"/>
						<line number="112" hits="2" branch="false"/>
						<line number="113" hits="2" branch="false"/>
						<line number="114" hits="1" branch="false"/>
						<line number="116" hits="1" branch="false"/>
						<line number="117" hits="1" branch="false"/>
						<line number="118" hits="1" branch="false"/>
						<line number="127" hits="27" branch="false"/>
					</lines>
				</class>
				<class name="cat.albirar.communications.core.services.impl.ReportRegister" filename="cat/albirar/communications/core/services/impl/ReportRegister.java" line-rate="0.8888888888888888" branch-rate="1.0" complexity="3.0">
					<methods>
						<method name="&lt;init&gt;" signature="()V" line-rate="1.0" branch-rate="1.0" complexity="0">
							<lines>
								<line number="43" hits="5" branch="false"/>
								<line number="44" hits="5" branch="false"/>
								<line number="45" hits="5" branch="false"/>
							</lines>
						</method>
						<method name="getAndDeleteReport" signature="(Ljava/lang/String;)Ljava/util/Optional;" line-rate="0.8571428571428571" branch-rate="1.0" complexity="0">
							<lines>
								<line number="65" hits="206" branch="false"/>
								<line number="66" hits="206" branch="true" condition-coverage="100% (2/2)">
									<conditions>
										<condition number="0" type="jump" coverage="100%"/>
									</conditions>
								</line>
								<line number="67" hits="206" branch="true" condition-coverage="100% (2/2)">
									<conditions>
										<condition number="0" type="jump" coverage="100%"/>
									</conditions>
								</line>
								<line number="68" hits="106" branch="false"/>
								<line number="70" hits="100" branch="false"/>
								<line number="71" hits="100" branch="false"/>
								<line number="72" hits="0" branch="false"/>
							</lines>
						</method>
						<method name="getReport" signature="(Ljava/lang/String;)Ljava/util/Optional;" line-rate="0.8571428571428571" branch-rate="1.0" complexity="0">
							<lines>
								<line number="51" hits="200" branch="false"/>
								<line number="52" hits="200" branch="true" condition-coverage="100% (2/2)">
									<conditions>
										<condition number="0" type="jump" coverage="100%"/>
									</conditions>
								</line>
								<line number="53" hits="198" branch="true" condition-coverage="100% (2/2)">
									<conditions>
										<condition number="0" type="jump" coverage="100%"/>
									</conditions>
								</line>
								<line number="54" hits="100" branch="false"/>
								<line number="56" hits="98" branch="false"/>
								<line number="57" hits="100" branch="false"/>
								<line number="58" hits="0" branch="false"/>
							</lines>
						</method>
						<method name="isReport" signature="(Ljava/lang/String;)Z" line-rate="0.8571428571428571" branch-rate="1.0" complexity="0">
							<lines>
								<line number="79" hits="520" branch="false"/>
								<line number="80" hits="520" branch="true" condition-coverage="100% (2/2)">
									<conditions>
										<condition number="0" type="jump" coverage="100%"/>
									</conditions>
								</line>
								<line number="81" hits="508" branch="true" condition-coverage="100% (2/2)">
									<conditions>
										<condition number="0" type="jump" coverage="100%"/>
									</conditions>
								</line>
								<line number="82" hits="107" branch="false"/>
								<line number="84" hits="401" branch="false"/>
								<line number="85" hits="413" branch="false"/>
								<line number="86" hits="0" branch="false"/>
							</lines>
						</method>
						<method name="putReport" signature="(Ljava/lang/String;Ljava/lang/String;Lcat/albirar/communications/core/status/models/MessageStatusBean;)V" line-rate="1.0" branch-rate="1.0" complexity="0">
							<lines>
								<line number="95" hits="411" branch="false"/>
								<line number="96" hits="411" branch="true" condition-coverage="100% (2/2)">
									<conditions>
										<condition number="0" type="jump" coverage="100%"/>
									</conditions>
								</line>
								<line number="97" hits="6" branch="false"/>
								<line number="99" hits="411" branch="false"/>
								<line number="100" hits="411" branch="false"/>
								<line number="101" hits="411" branch="false"/>
								<line number="102" hits="411" branch="false"/>
							</lines>
						</method>
						<method name="removeReport" signature="(Ljava/lang/String;Ljava/lang/String;)Ljava/util/Optional;" line-rate="0.8" branch-rate="1.0" complexity="0">
							<lines>
								<line number="108" hits="406" branch="false"/>
								<line number="109" hits="406" branch="true" condition-coverage="100% (2/2)">
									<conditions>
										<condition number="0" type="jump" coverage="100%"/>
									</conditions>
								</line>
								<line number="110" hits="405" branch="false"/>
								<line number="112" hits="1" branch="false"/>
								<line number="113" hits="0" branch="false"/>
							</lines>
						</method>
					</methods>
					<lines>
						<line number="43" hits="5" branch="false"/>
						<line number="44" hits="5" branch="false"/>
						<line number="45" hits="5" branch="false"/>
						<line number="51" hits="200" branch="false"/>
						<line number="52" hits="200" branch="true" condition-coverage="100% (2/2)">
							<conditions>
								<condition number="0" type="jump" coverage="100%"/>
							</conditions>
						</line>
						<line number="53" hits="198" branch="true" condition-coverage="100% (2/2)">
							<conditions>
								<condition number="0" type="jump" coverage="100%"/>
							</conditions>
						</line>
						<line number="54" hits="100" branch="false"/>
						<line number="56" hits="98" branch="false"/>
						<line number="57" hits="100" branch="false"/>
						<line number="58" hits="0" branch="false"/>
						<line number="65" hits="206" branch="false"/>
						<line number="66" hits="206" branch="true" condition-coverage="100% (2/2)">
							<conditions>
								<condition number="0" type="jump" coverage="100%"/>
							</conditions>
						</line>
						<line number="67" hits="206" branch="true" condition-coverage="100% (2/2)">
							<conditions>
								<condition number="0" type="jump" coverage="100%"/>
							</conditions>
						</line>
						<line number="68" hits="106" branch="false"/>
						<line number="70" hits="100" branch="false"/>
						<line number="71" hits="100" branch="false"/>
						<line number="72" hits="0" branch="false"/>
						<line number="79" hits="520" branch="false"/>
						<line number="80" hits="520" branch="true" condition-coverage="100% (2/2)">
							<conditions>
								<condition number="0" type="jump" coverage="100%"/>
							</conditions>
						</line>
						<line number="81" hits="508" branch="true" condition-coverage="100% (2/2)">
							<conditions>
								<condition number="0" type="jump" coverage="100%"/>
							</conditions>
						</line>
						<line number="82" hits="107" branch="false"/>
						<line number="84" hits="401" branch="false"/>
						<line number="85" hits="413" branch="false"/>
						<line number="86" hits="0" branch="false"/>
						<line number="95" hits="411" branch="false"/>
						<line number="96" hits="411" branch="true" condition-coverage="100% (2/2)">
							<conditions>
								<condition number="0" type="jump" coverage="100%"/>
							</conditions>
						</line>
						<line number="97" hits="6" branch="false"/>
						<line number="99" hits="411" branch="false"/>
						<line number="100" hits="411" branch="false"/>
						<line number="101" hits="411" branch="false"/>
						<line number="102" hits="411" branch="false"/>
						<line number="108" hits="406" branch="false"/>
						<line number="109" hits="406" branch="true" condition-coverage="100% (2/2)">
							<conditions>
								<condition number="0" type="jump" coverage="100%"/>
							</conditions>
						</line>
						<line number="110" hits="405" branch="false"/>
						<line number="112" hits="1" branch="false"/>
						<line number="113" hits="0" branch="false"/>
					</lines>
				</class>
			</classes>
		</package>
		<package name="cat.albirar.communications.core.status" line-rate="1.0" branch-rate="1.0" complexity="0.0">
			<classes>
				<class name="cat.albirar.communications.core.status.EStatusMessage" filename="cat/albirar/communications/core/status/EStatusMessage.java" line-rate="1.0" branch-rate="1.0" complexity="0.0">
					<methods>
						<method name="&lt;clinit&gt;" signature="()V" line-rate="1.0" branch-rate="1.0" complexity="0">
							<lines>
								<line number="28" hits="24" branch="false"/>
								<line number="32" hits="5" branch="false"/>
								<line number="36" hits="5" branch="false"/>
								<line number="40" hits="5" branch="false"/>
							</lines>
						</method>
						<method name="&lt;init&gt;" signature="(Ljava/lang/String;I)V" line-rate="1.0" branch-rate="1.0" complexity="0">
							<lines>
							</lines>
						</method>
						<method name="valueOf" signature="(Ljava/lang/String;)Lcat/albirar/communications/core/status/EStatusMessage;" line-rate="1.0" branch-rate="1.0" complexity="0">
							<lines>
							</lines>
						</method>
						<method name="values" signature="()[Lcat/albirar/communications/core/status/EStatusMessage;" line-rate="1.0" branch-rate="1.0" complexity="0">
							<lines>
							</lines>
						</method>
					</methods>
					<lines>
						<line number="28" hits="24" branch="false"/>
						<line number="32" hits="5" branch="false"/>
						<line number="36" hits="5" branch="false"/>
						<line number="40" hits="5" branch="false"/>
					</lines>
				</class>
			</classes>
		</package>
	</packages>
</coverage>
