<?xml version="1.0"?>
<!DOCTYPE coverage SYSTEM "http://cobertura.sourceforge.net/xml/coverage-04.dtd">

<coverage line-rate="0.41935483870967744" branch-rate="0.21428571428571427" lines-covered="117" lines-valid="279" branches-covered="6" branches-valid="28" complexity="2.0" version="2.1.1" timestamp="1612900459341">
	<sources>
		<source>--source</source>
		<source>/home/octavi/Dropbox/feina/projectes/fam/albirar-communications/providers/clickandsend/src/main/java</source>
		<source>/home/octavi/Dropbox/feina/projectes/fam/albirar-communications/providers/clickandsend/target/generated-sources/delombok</source>
	</sources>
	<packages>
		<package name="cat.albirar.communications.configuration" line-rate="1.0" branch-rate="1.0" complexity="0.0">
			<classes>
				<class name="cat.albirar.communications.configuration.AlbirarCommunicationsConfiguration" filename="cat/albirar/communications/configuration/AlbirarCommunicationsConfiguration.java" line-rate="1.0" branch-rate="1.0" complexity="0.0">
					<methods>
						<method name="&lt;clinit&gt;" signature="()V" line-rate="1.0" branch-rate="1.0" complexity="0">
							<lines>
								<line number="71" hits="2" branch="false"/>
							</lines>
						</method>
						<method name="&lt;init&gt;" signature="()V" line-rate="1.0" branch-rate="1.0" complexity="0">
							<lines>
								<line number="70" hits="2" branch="false"/>
								<line number="84" hits="2" branch="false"/>
								<line number="86" hits="2" branch="false"/>
								<line number="87" hits="2" branch="false"/>
								<line number="88" hits="2" branch="false"/>
								<line number="89" hits="2" branch="false"/>
							</lines>
						</method>
						<method name="bindingEmailReport" signature="(Lorg/springframework/amqp/core/Queue;Lorg/springframework/amqp/core/TopicExchange;)Lorg/springframework/amqp/core/Binding;" line-rate="1.0" branch-rate="1.0" complexity="0">
							<lines>
								<line number="202" hits="2" branch="false"/>
							</lines>
						</method>
						<method name="bindingEmailSend" signature="(Lorg/springframework/amqp/core/Queue;Lorg/springframework/amqp/core/TopicExchange;)Lorg/springframework/amqp/core/Binding;" line-rate="1.0" branch-rate="1.0" complexity="0">
							<lines>
								<line number="197" hits="2" branch="false"/>
							</lines>
						</method>
						<method name="bindingReportSend" signature="(Lorg/springframework/amqp/core/Queue;Lorg/springframework/amqp/core/TopicExchange;)Lorg/springframework/amqp/core/Binding;" line-rate="1.0" branch-rate="1.0" complexity="0">
							<lines>
								<line number="212" hits="2" branch="false"/>
							</lines>
						</method>
						<method name="bindingSmsSend" signature="(Lorg/springframework/amqp/core/Queue;Lorg/springframework/amqp/core/TopicExchange;)Lorg/springframework/amqp/core/Binding;" line-rate="1.0" branch-rate="1.0" complexity="0">
							<lines>
								<line number="207" hits="2" branch="false"/>
							</lines>
						</method>
						<method name="connectionFactory" signature="()Lorg/springframework/amqp/rabbit/connection/ConnectionFactory;" line-rate="1.0" branch-rate="1.0" complexity="0">
							<lines>
								<line number="117" hits="4" branch="false"/>
								<line number="118" hits="2" branch="false"/>
								<line number="119" hits="2" branch="false"/>
								<line number="120" hits="2" branch="false"/>
								<line number="121" hits="2" branch="false"/>
								<line number="122" hits="2" branch="false"/>
								<line number="123" hits="2" branch="false"/>
								<line number="125" hits="2" branch="false"/>
								<line number="126" hits="2" branch="false"/>
								<line number="127" hits="2" branch="false"/>
								<line number="128" hits="2" branch="false"/>
								<line number="129" hits="2" branch="false"/>
								<line number="130" hits="2" branch="false"/>
							</lines>
						</method>
						<method name="emailReportQueue" signature="()Lorg/springframework/amqp/core/Queue;" line-rate="1.0" branch-rate="1.0" complexity="0">
							<lines>
								<line number="181" hits="2" branch="false"/>
							</lines>
						</method>
						<method name="emailSendQueue" signature="()Lorg/springframework/amqp/core/Queue;" line-rate="1.0" branch-rate="1.0" complexity="0">
							<lines>
								<line number="169" hits="2" branch="false"/>
							</lines>
						</method>
						<method name="exchange" signature="()Lorg/springframework/amqp/core/TopicExchange;" line-rate="1.0" branch-rate="1.0" complexity="0">
							<lines>
								<line number="192" hits="2" branch="false"/>
							</lines>
						</method>
						<method name="listenerReportEmail" signature="(Lorg/springframework/amqp/rabbit/connection/ConnectionFactory;Lcat/albirar/communications/processors/impl/EmailReportProcessor;Lorg/springframework/amqp/core/Queue;)Lorg/springframework/amqp/rabbit/listener/SimpleMessageListenerContainer;" line-rate="1.0" branch-rate="1.0" complexity="0">
							<lines>
								<line number="240" hits="2" branch="false"/>
								<line number="241" hits="2" branch="false"/>
								<line number="242" hits="2" branch="false"/>
								<line number="243" hits="2" branch="false"/>
								<line number="244" hits="2" branch="false"/>
							</lines>
						</method>
						<method name="listenerReportSms" signature="(Lorg/springframework/amqp/rabbit/connection/ConnectionFactory;Lcat/albirar/communications/processors/impl/SmsReportProcessor;Lorg/springframework/amqp/core/Queue;)Lorg/springframework/amqp/rabbit/listener/SimpleMessageListenerContainer;" line-rate="1.0" branch-rate="1.0" complexity="0">
							<lines>
								<line number="251" hits="2" branch="false"/>
								<line number="252" hits="2" branch="false"/>
								<line number="253" hits="2" branch="false"/>
								<line number="254" hits="2" branch="false"/>
								<line number="255" hits="2" branch="false"/>
							</lines>
						</method>
						<method name="listenerSendEmail" signature="(Lorg/springframework/amqp/rabbit/connection/ConnectionFactory;Lcat/albirar/communications/processors/impl/EmailSenderProcessor;Lorg/springframework/amqp/core/Queue;)Lorg/springframework/amqp/rabbit/listener/SimpleMessageListenerContainer;" line-rate="1.0" branch-rate="1.0" complexity="0">
							<lines>
								<line number="219" hits="2" branch="false"/>
								<line number="220" hits="2" branch="false"/>
								<line number="221" hits="2" branch="false"/>
								<line number="222" hits="2" branch="false"/>
								<line number="223" hits="2" branch="false"/>
							</lines>
						</method>
						<method name="listenerSendSms" signature="(Lorg/springframework/amqp/rabbit/connection/ConnectionFactory;Lcat/albirar/communications/processors/impl/SmsSenderProcessor;Lorg/springframework/amqp/core/Queue;)Lorg/springframework/amqp/rabbit/listener/SimpleMessageListenerContainer;" line-rate="1.0" branch-rate="1.0" complexity="0">
							<lines>
								<line number="230" hits="2" branch="false"/>
								<line number="231" hits="2" branch="false"/>
								<line number="232" hits="2" branch="false"/>
								<line number="233" hits="2" branch="false"/>
								<line number="234" hits="2" branch="false"/>
							</lines>
						</method>
						<method name="messageConverter" signature="()Lorg/springframework/amqp/support/converter/MessageConverter;" line-rate="1.0" branch-rate="1.0" complexity="0">
							<lines>
								<line number="148" hits="2" branch="false"/>
								<line number="149" hits="2" branch="false"/>
								<line number="150" hits="2" branch="false"/>
								<line number="152" hits="2" branch="false"/>
							</lines>
						</method>
						<method name="namingStrategy" signature="()Lorg/springframework/amqp/core/NamingStrategy;" line-rate="1.0" branch-rate="1.0" complexity="0">
							<lines>
								<line number="109" hits="2" branch="false"/>
							</lines>
						</method>
						<method name="rabbitAdmin" signature="(Lorg/springframework/amqp/rabbit/connection/ConnectionFactory;)Lorg/springframework/amqp/rabbit/core/RabbitAdmin;" line-rate="1.0" branch-rate="1.0" complexity="0">
							<lines>
								<line number="138" hits="2" branch="false"/>
								<line number="139" hits="2" branch="false"/>
							</lines>
						</method>
						<method name="rabbitTemplate" signature="(Lorg/springframework/amqp/rabbit/connection/ConnectionFactory;Lorg/springframework/amqp/support/converter/MessageConverter;)Lorg/springframework/amqp/rabbit/core/RabbitTemplate;" line-rate="1.0" branch-rate="1.0" complexity="0">
							<lines>
								<line number="160" hits="2" branch="false"/>
								<line number="161" hits="2" branch="false"/>
								<line number="163" hits="2" branch="false"/>
							</lines>
						</method>
						<method name="smsReportQueue" signature="()Lorg/springframework/amqp/core/Queue;" line-rate="1.0" branch-rate="1.0" complexity="0">
							<lines>
								<line number="187" hits="2" branch="false"/>
							</lines>
						</method>
						<method name="smsSendQueue" signature="()Lorg/springframework/amqp/core/Queue;" line-rate="1.0" branch-rate="1.0" complexity="0">
							<lines>
								<line number="175" hits="2" branch="false"/>
							</lines>
						</method>
						<method name="validationPostProcessor" signature="()Lorg/springframework/validation/beanvalidation/MethodValidationPostProcessor;" line-rate="1.0" branch-rate="1.0" complexity="0">
							<lines>
								<line number="102" hits="2" branch="false"/>
							</lines>
						</method>
						<method name="validator" signature="()Lorg/springframework/validation/beanvalidation/LocalValidatorFactoryBean;" line-rate="1.0" branch-rate="1.0" complexity="0">
							<lines>
								<line number="96" hits="2" branch="false"/>
							</lines>
						</method>
					</methods>
					<lines>
						<line number="70" hits="2" branch="false"/>
						<line number="71" hits="2" branch="false"/>
						<line number="84" hits="2" branch="false"/>
						<line number="86" hits="2" branch="false"/>
						<line number="87" hits="2" branch="false"/>
						<line number="88" hits="2" branch="false"/>
						<line number="89" hits="2" branch="false"/>
						<line number="96" hits="2" branch="false"/>
						<line number="102" hits="2" branch="false"/>
						<line number="109" hits="2" branch="false"/>
						<line number="117" hits="4" branch="false"/>
						<line number="118" hits="2" branch="false"/>
						<line number="119" hits="2" branch="false"/>
						<line number="120" hits="2" branch="false"/>
						<line number="121" hits="2" branch="false"/>
						<line number="122" hits="2" branch="false"/>
						<line number="123" hits="2" branch="false"/>
						<line number="125" hits="2" branch="false"/>
						<line number="126" hits="2" branch="false"/>
						<line number="127" hits="2" branch="false"/>
						<line number="128" hits="2" branch="false"/>
						<line number="129" hits="2" branch="false"/>
						<line number="130" hits="2" branch="false"/>
						<line number="138" hits="2" branch="false"/>
						<line number="139" hits="2" branch="false"/>
						<line number="148" hits="2" branch="false"/>
						<line number="149" hits="2" branch="false"/>
						<line number="150" hits="2" branch="false"/>
						<line number="152" hits="2" branch="false"/>
						<line number="160" hits="2" branch="false"/>
						<line number="161" hits="2" branch="false"/>
						<line number="163" hits="2" branch="false"/>
						<line number="169" hits="2" branch="false"/>
						<line number="175" hits="2" branch="false"/>
						<line number="181" hits="2" branch="false"/>
						<line number="187" hits="2" branch="false"/>
						<line number="192" hits="2" branch="false"/>
						<line number="197" hits="2" branch="false"/>
						<line number="202" hits="2" branch="false"/>
						<line number="207" hits="2" branch="false"/>
						<line number="212" hits="2" branch="false"/>
						<line number="219" hits="2" branch="false"/>
						<line number="220" hits="2" branch="false"/>
						<line number="221" hits="2" branch="false"/>
						<line number="222" hits="2" branch="false"/>
						<line number="223" hits="2" branch="false"/>
						<line number="230" hits="2" branch="false"/>
						<line number="231" hits="2" branch="false"/>
						<line number="232" hits="2" branch="false"/>
						<line number="233" hits="2" branch="false"/>
						<line number="234" hits="2" branch="false"/>
						<line number="240" hits="2" branch="false"/>
						<line number="241" hits="2" branch="false"/>
						<line number="242" hits="2" branch="false"/>
						<line number="243" hits="2" branch="false"/>
						<line number="244" hits="2" branch="false"/>
						<line number="251" hits="2" branch="false"/>
						<line number="252" hits="2" branch="false"/>
						<line number="253" hits="2" branch="false"/>
						<line number="254" hits="2" branch="false"/>
						<line number="255" hits="2" branch="false"/>
					</lines>
				</class>
			</classes>
		</package>
		<package name="cat.albirar.communications.processors.impl" line-rate="0.12295081967213115" branch-rate="0.0" complexity="0.0">
			<classes>
				<class name="cat.albirar.communications.processors.impl.AbstractReportProcessor" filename="cat/albirar/communications/processors/impl/AbstractReportProcessor.java" line-rate="0.21052631578947367" branch-rate="1.0" complexity="0.0">
					<methods>
						<method name="&lt;clinit&gt;" signature="()V" line-rate="1.0" branch-rate="1.0" complexity="0">
							<lines>
								<line number="41" hits="2" branch="false"/>
							</lines>
						</method>
						<method name="&lt;init&gt;" signature="()V" line-rate="1.0" branch-rate="1.0" complexity="0">
							<lines>
								<line number="40" hits="4" branch="false"/>
								<line number="49" hits="4" branch="false"/>
								<line number="51" hits="4" branch="false"/>
							</lines>
						</method>
						<method name="getManagedMessages" signature="()J" line-rate="0.0" branch-rate="1.0" complexity="0">
							<lines>
								<line number="58" hits="0" branch="false"/>
							</lines>
						</method>
						<method name="getProcessedMessages" signature="()J" line-rate="0.0" branch-rate="1.0" complexity="0">
							<lines>
								<line number="65" hits="0" branch="false"/>
							</lines>
						</method>
						<method name="onMessage" signature="(Lorg/springframework/amqp/core/Message;)V" line-rate="0.0" branch-rate="1.0" complexity="0">
							<lines>
								<line number="75" hits="0" branch="false"/>
								<line number="76" hits="0" branch="false"/>
								<line number="78" hits="0" branch="false"/>
								<line number="80" hits="0" branch="false"/>
								<line number="81" hits="0" branch="false"/>
								<line number="82" hits="0" branch="false"/>
								<line number="83" hits="0" branch="false"/>
								<line number="84" hits="0" branch="false"/>
								<line number="85" hits="0" branch="false"/>
								<line number="86" hits="0" branch="false"/>
								<line number="87" hits="0" branch="false"/>
								<line number="88" hits="0" branch="false"/>
								<line number="89" hits="0" branch="false"/>
							</lines>
						</method>
					</methods>
					<lines>
						<line number="40" hits="4" branch="false"/>
						<line number="41" hits="2" branch="false"/>
						<line number="49" hits="4" branch="false"/>
						<line number="51" hits="4" branch="false"/>
						<line number="58" hits="0" branch="false"/>
						<line number="65" hits="0" branch="false"/>
						<line number="75" hits="0" branch="false"/>
						<line number="76" hits="0" branch="false"/>
						<line number="78" hits="0" branch="false"/>
						<line number="80" hits="0" branch="false"/>
						<line number="81" hits="0" branch="false"/>
						<line number="82" hits="0" branch="false"/>
						<line number="83" hits="0" branch="false"/>
						<line number="84" hits="0" branch="false"/>
						<line number="85" hits="0" branch="false"/>
						<line number="86" hits="0" branch="false"/>
						<line number="87" hits="0" branch="false"/>
						<line number="88" hits="0" branch="false"/>
						<line number="89" hits="0" branch="false"/>
					</lines>
				</class>
				<class name="cat.albirar.communications.processors.impl.AbstractSenderProcessor" filename="cat/albirar/communications/processors/impl/AbstractSenderProcessor.java" line-rate="0.12195121951219512" branch-rate="1.0" complexity="0.0">
					<methods>
						<method name="&lt;clinit&gt;" signature="()V" line-rate="1.0" branch-rate="1.0" complexity="0">
							<lines>
								<line number="47" hits="2" branch="false"/>
							</lines>
						</method>
						<method name="&lt;init&gt;" signature="()V" line-rate="1.0" branch-rate="1.0" complexity="0">
							<lines>
								<line number="46" hits="4" branch="false"/>
								<line number="58" hits="4" branch="false"/>
								<line number="60" hits="4" branch="false"/>
								<line number="62" hits="4" branch="false"/>
							</lines>
						</method>
						<method name="getManagedMessages" signature="()J" line-rate="0.0" branch-rate="1.0" complexity="0">
							<lines>
								<line number="96" hits="0" branch="false"/>
							</lines>
						</method>
						<method name="getProcessedMessages" signature="()J" line-rate="0.0" branch-rate="1.0" complexity="0">
							<lines>
								<line number="103" hits="0" branch="false"/>
							</lines>
						</method>
						<method name="onMessage" signature="(Lorg/springframework/amqp/core/Message;)V" line-rate="0.0" branch-rate="1.0" complexity="0">
							<lines>
								<line number="72" hits="0" branch="false"/>
								<line number="73" hits="0" branch="false"/>
								<line number="75" hits="0" branch="false"/>
								<line number="77" hits="0" branch="false"/>
								<line number="78" hits="0" branch="false"/>
								<line number="79" hits="0" branch="false"/>
								<line number="80" hits="0" branch="false"/>
								<line number="81" hits="0" branch="false"/>
								<line number="82" hits="0" branch="false"/>
								<line number="83" hits="0" branch="false"/>
								<line number="85" hits="0" branch="false"/>
								<line number="86" hits="0" branch="false"/>
								<line number="87" hits="0" branch="false"/>
								<line number="88" hits="0" branch="false"/>
								<line number="89" hits="0" branch="false"/>
								<line number="90" hits="0" branch="false"/>
							</lines>
						</method>
						<method name="reportMessage" signature="(Ljava/lang/String;Lcat/albirar/communications/status/models/MessageStatusBean;)V" line-rate="0.0" branch-rate="1.0" complexity="0">
							<lines>
								<line number="121" hits="0" branch="false"/>
								<line number="122" hits="0" branch="false"/>
								<line number="124" hits="0" branch="false"/>
								<line number="125" hits="0" branch="false"/>
								<line number="126" hits="0" branch="false"/>
								<line number="127" hits="0" branch="false"/>
								<line number="128" hits="0" branch="false"/>
								<line number="129" hits="0" branch="false"/>
								<line number="130" hits="0" branch="false"/>
								<line number="132" hits="0" branch="false"/>
								<line number="133" hits="0" branch="false"/>
								<line number="134" hits="0" branch="false"/>
								<line number="135" hits="0" branch="false"/>
								<line number="137" hits="0" branch="false"/>
								<line number="138" hits="0" branch="false"/>
								<line number="139" hits="0" branch="false"/>
								<line number="140" hits="0" branch="false"/>
								<line number="141" hits="0" branch="false"/>
							</lines>
						</method>
					</methods>
					<lines>
						<line number="46" hits="4" branch="false"/>
						<line number="47" hits="2" branch="false"/>
						<line number="58" hits="4" branch="false"/>
						<line number="60" hits="4" branch="false"/>
						<line number="62" hits="4" branch="false"/>
						<line number="72" hits="0" branch="false"/>
						<line number="73" hits="0" branch="false"/>
						<line number="75" hits="0" branch="false"/>
						<line number="77" hits="0" branch="false"/>
						<line number="78" hits="0" branch="false"/>
						<line number="79" hits="0" branch="false"/>
						<line number="80" hits="0" branch="false"/>
						<line number="81" hits="0" branch="false"/>
						<line number="82" hits="0" branch="false"/>
						<line number="83" hits="0" branch="false"/>
						<line number="85" hits="0" branch="false"/>
						<line number="86" hits="0" branch="false"/>
						<line number="87" hits="0" branch="false"/>
						<line number="88" hits="0" branch="false"/>
						<line number="89" hits="0" branch="false"/>
						<line number="90" hits="0" branch="false"/>
						<line number="96" hits="0" branch="false"/>
						<line number="103" hits="0" branch="false"/>
						<line number="121" hits="0" branch="false"/>
						<line number="122" hits="0" branch="false"/>
						<line number="124" hits="0" branch="false"/>
						<line number="125" hits="0" branch="false"/>
						<line number="126" hits="0" branch="false"/>
						<line number="127" hits="0" branch="false"/>
						<line number="128" hits="0" branch="false"/>
						<line number="129" hits="0" branch="false"/>
						<line number="130" hits="0" branch="false"/>
						<line number="132" hits="0" branch="false"/>
						<line number="133" hits="0" branch="false"/>
						<line number="134" hits="0" branch="false"/>
						<line number="135" hits="0" branch="false"/>
						<line number="137" hits="0" branch="false"/>
						<line number="138" hits="0" branch="false"/>
						<line number="139" hits="0" branch="false"/>
						<line number="140" hits="0" branch="false"/>
						<line number="141" hits="0" branch="false"/>
					</lines>
				</class>
				<class name="cat.albirar.communications.processors.impl.EmailReportProcessor" filename="cat/albirar/communications/processors/impl/EmailReportProcessor.java" line-rate="0.3333333333333333" branch-rate="1.0" complexity="0.0">
					<methods>
						<method name="&lt;init&gt;" signature="()V" line-rate="1.0" branch-rate="1.0" complexity="0">
							<lines>
								<line number="32" hits="2" branch="false"/>
							</lines>
						</method>
						<method name="processReport" signature="(Lcat/albirar/communications/status/models/MessageStatusBean;)V" line-rate="0.0" branch-rate="1.0" complexity="0">
							<lines>
								<line number="38" hits="0" branch="false"/>
								<line number="39" hits="0" branch="false"/>
							</lines>
						</method>
					</methods>
					<lines>
						<line number="32" hits="2" branch="false"/>
						<line number="38" hits="0" branch="false"/>
						<line number="39" hits="0" branch="false"/>
					</lines>
				</class>
				<class name="cat.albirar.communications.processors.impl.EmailSenderProcessor" filename="cat/albirar/communications/processors/impl/EmailSenderProcessor.java" line-rate="0.07142857142857142" branch-rate="0.0" complexity="0.0">
					<methods>
						<method name="&lt;clinit&gt;" signature="()V" line-rate="1.0" branch-rate="1.0" complexity="0">
							<lines>
								<line number="46" hits="2" branch="false"/>
							</lines>
						</method>
						<method name="&lt;init&gt;" signature="()V" line-rate="1.0" branch-rate="1.0" complexity="0">
							<lines>
								<line number="45" hits="2" branch="false"/>
							</lines>
						</method>
						<method name="processMessage" signature="(Ljava/lang/String;Lcat/albirar/communications/messages/models/MessageBean;)V" line-rate="0.0" branch-rate="0.0" complexity="0">
							<lines>
								<line number="57" hits="0" branch="false"/>
								<line number="59" hits="0" branch="true" condition-coverage="0% (0/2)">
									<conditions>
										<condition number="0" type="jump" coverage="0%"/>
									</conditions>
								</line>
								<line number="61" hits="0" branch="false"/>
								<line number="62" hits="0" branch="false"/>
								<line number="63" hits="0" branch="false"/>
								<line number="64" hits="0" branch="false"/>
								<line number="65" hits="0" branch="false"/>
								<line number="67" hits="0" branch="false"/>
								<line number="69" hits="0" branch="false"/>
								<line number="70" hits="0" branch="false"/>
								<line number="71" hits="0" branch="false"/>
								<line number="72" hits="0" branch="false"/>
								<line number="73" hits="0" branch="false"/>
								<line number="74" hits="0" branch="false"/>
								<line number="76" hits="0" branch="false"/>
								<line number="78" hits="0" branch="false"/>
								<line number="81" hits="0" branch="false"/>
								<line number="82" hits="0" branch="false"/>
								<line number="83" hits="0" branch="false"/>
								<line number="84" hits="0" branch="false"/>
								<line number="85" hits="0" branch="false"/>
								<line number="86" hits="0" branch="false"/>
								<line number="87" hits="0" branch="false"/>
								<line number="89" hits="0" branch="false"/>
								<line number="90" hits="0" branch="false"/>
								<line number="91" hits="0" branch="false"/>
							</lines>
						</method>
					</methods>
					<lines>
						<line number="45" hits="2" branch="false"/>
						<line number="46" hits="2" branch="false"/>
						<line number="57" hits="0" branch="false"/>
						<line number="59" hits="0" branch="true" condition-coverage="0% (0/2)">
							<conditions>
								<condition number="0" type="jump" coverage="0%"/>
							</conditions>
						</line>
						<line number="61" hits="0" branch="false"/>
						<line number="62" hits="0" branch="false"/>
						<line number="63" hits="0" branch="false"/>
						<line number="64" hits="0" branch="false"/>
						<line number="65" hits="0" branch="false"/>
						<line number="67" hits="0" branch="false"/>
						<line number="69" hits="0" branch="false"/>
						<line number="70" hits="0" branch="false"/>
						<line number="71" hits="0" branch="false"/>
						<line number="72" hits="0" branch="false"/>
						<line number="73" hits="0" branch="false"/>
						<line number="74" hits="0" branch="false"/>
						<line number="76" hits="0" branch="false"/>
						<line number="78" hits="0" branch="false"/>
						<line number="81" hits="0" branch="false"/>
						<line number="82" hits="0" branch="false"/>
						<line number="83" hits="0" branch="false"/>
						<line number="84" hits="0" branch="false"/>
						<line number="85" hits="0" branch="false"/>
						<line number="86" hits="0" branch="false"/>
						<line number="87" hits="0" branch="false"/>
						<line number="89" hits="0" branch="false"/>
						<line number="90" hits="0" branch="false"/>
						<line number="91" hits="0" branch="false"/>
					</lines>
				</class>
				<class name="cat.albirar.communications.processors.impl.SmsReportProcessor" filename="cat/albirar/communications/processors/impl/SmsReportProcessor.java" line-rate="0.3333333333333333" branch-rate="1.0" complexity="0.0">
					<methods>
						<method name="&lt;init&gt;" signature="()V" line-rate="1.0" branch-rate="1.0" complexity="0">
							<lines>
								<line number="32" hits="2" branch="false"/>
							</lines>
						</method>
						<method name="processReport" signature="(Lcat/albirar/communications/status/models/MessageStatusBean;)V" line-rate="0.0" branch-rate="1.0" complexity="0">
							<lines>
								<line number="38" hits="0" branch="false"/>
								<line number="39" hits="0" branch="false"/>
							</lines>
						</method>
					</methods>
					<lines>
						<line number="32" hits="2" branch="false"/>
						<line number="38" hits="0" branch="false"/>
						<line number="39" hits="0" branch="false"/>
					</lines>
				</class>
				<class name="cat.albirar.communications.processors.impl.SmsSenderProcessor" filename="cat/albirar/communications/processors/impl/SmsSenderProcessor.java" line-rate="0.07142857142857142" branch-rate="0.0" complexity="0.0">
					<methods>
						<method name="&lt;clinit&gt;" signature="()V" line-rate="1.0" branch-rate="1.0" complexity="0">
							<lines>
								<line number="44" hits="2" branch="false"/>
							</lines>
						</method>
						<method name="&lt;init&gt;" signature="()V" line-rate="1.0" branch-rate="1.0" complexity="0">
							<lines>
								<line number="43" hits="2" branch="false"/>
							</lines>
						</method>
						<method name="processMessage" signature="(Ljava/lang/String;Lcat/albirar/communications/messages/models/MessageBean;)V" line-rate="0.0" branch-rate="0.0" complexity="0">
							<lines>
								<line number="54" hits="0" branch="false"/>
								<line number="57" hits="0" branch="true" condition-coverage="0% (0/2)">
									<conditions>
										<condition number="0" type="jump" coverage="0%"/>
									</conditions>
								</line>
								<line number="59" hits="0" branch="false"/>
								<line number="60" hits="0" branch="false"/>
								<line number="61" hits="0" branch="false"/>
								<line number="62" hits="0" branch="false"/>
								<line number="63" hits="0" branch="false"/>
								<line number="65" hits="0" branch="false"/>
								<line number="67" hits="0" branch="false"/>
								<line number="68" hits="0" branch="false"/>
								<line number="69" hits="0" branch="false"/>
								<line number="70" hits="0" branch="false"/>
								<line number="71" hits="0" branch="false"/>
								<line number="72" hits="0" branch="false"/>
								<line number="74" hits="0" branch="false"/>
								<line number="76" hits="0" branch="false"/>
								<line number="79" hits="0" branch="false"/>
								<line number="80" hits="0" branch="false"/>
								<line number="81" hits="0" branch="false"/>
								<line number="82" hits="0" branch="false"/>
								<line number="83" hits="0" branch="false"/>
								<line number="84" hits="0" branch="false"/>
								<line number="85" hits="0" branch="false"/>
								<line number="87" hits="0" branch="false"/>
								<line number="88" hits="0" branch="false"/>
								<line number="89" hits="0" branch="false"/>
							</lines>
						</method>
					</methods>
					<lines>
						<line number="43" hits="2" branch="false"/>
						<line number="44" hits="2" branch="false"/>
						<line number="54" hits="0" branch="false"/>
						<line number="57" hits="0" branch="true" condition-coverage="0% (0/2)">
							<conditions>
								<condition number="0" type="jump" coverage="0%"/>
							</conditions>
						</line>
						<line number="59" hits="0" branch="false"/>
						<line number="60" hits="0" branch="false"/>
						<line number="61" hits="0" branch="false"/>
						<line number="62" hits="0" branch="false"/>
						<line number="63" hits="0" branch="false"/>
						<line number="65" hits="0" branch="false"/>
						<line number="67" hits="0" branch="false"/>
						<line number="68" hits="0" branch="false"/>
						<line number="69" hits="0" branch="false"/>
						<line number="70" hits="0" branch="false"/>
						<line number="71" hits="0" branch="false"/>
						<line number="72" hits="0" branch="false"/>
						<line number="74" hits="0" branch="false"/>
						<line number="76" hits="0" branch="false"/>
						<line number="79" hits="0" branch="false"/>
						<line number="80" hits="0" branch="false"/>
						<line number="81" hits="0" branch="false"/>
						<line number="82" hits="0" branch="false"/>
						<line number="83" hits="0" branch="false"/>
						<line number="84" hits="0" branch="false"/>
						<line number="85" hits="0" branch="false"/>
						<line number="87" hits="0" branch="false"/>
						<line number="88" hits="0" branch="false"/>
						<line number="89" hits="0" branch="false"/>
					</lines>
				</class>
			</classes>
		</package>
		<package name="cat.albirar.communications.providers" line-rate="1.0" branch-rate="1.0" complexity="0.0">
			<classes>
				<class name="cat.albirar.communications.providers.ProviderException" filename="cat/albirar/communications/providers/ProviderException.java" line-rate="1.0" branch-rate="1.0" complexity="0.0">
					<methods>
						<method name="&lt;init&gt;" signature="(Ljava/lang/String;)V" line-rate="1.0" branch-rate="1.0" complexity="0">
							<lines>
								<line number="32" hits="1" branch="false"/>
								<line number="33" hits="1" branch="false"/>
							</lines>
						</method>
						<method name="&lt;init&gt;" signature="(Ljava/lang/String;Ljava/lang/Throwable;)V" line-rate="1.0" branch-rate="1.0" complexity="0">
							<lines>
								<line number="38" hits="1" branch="false"/>
								<line number="39" hits="1" branch="false"/>
							</lines>
						</method>
					</methods>
					<lines>
						<line number="32" hits="1" branch="false"/>
						<line number="33" hits="1" branch="false"/>
						<line number="38" hits="1" branch="false"/>
						<line number="39" hits="1" branch="false"/>
					</lines>
				</class>
			</classes>
		</package>
		<package name="cat.albirar.communications.providers.sms.clickandsend.configuration" line-rate="1.0" branch-rate="1.0" complexity="1.0">
			<classes>
				<class name="cat.albirar.communications.providers.sms.clickandsend.configuration.AutoconfigureClickAndSendSmsProvider" filename="cat/albirar/communications/providers/sms/clickandsend/configuration/AutoconfigureClickAndSendSmsProvider.java" line-rate="1.0" branch-rate="1.0" complexity="0.0">
					<methods>
					</methods>
					<lines>
					</lines>
				</class>
				<class name="cat.albirar.communications.providers.sms.clickandsend.configuration.ClickAndSendSmsConfiguration" filename="cat/albirar/communications/providers/sms/clickandsend/configuration/ClickAndSendSmsConfiguration.java" line-rate="1.0" branch-rate="1.0" complexity="1.0">
					<methods>
						<method name="&lt;init&gt;" signature="()V" line-rate="1.0" branch-rate="1.0" complexity="0">
							<lines>
								<line number="41" hits="2" branch="false"/>
							</lines>
						</method>
						<method name="apiClient" signature="(Lcat/albirar/communications/providers/sms/clickandsend/models/ClickAndSendPropertiesBean;)LClickSend/ApiClient;" line-rate="1.0" branch-rate="1.0" complexity="0">
							<lines>
								<line number="53" hits="1" branch="false"/>
								<line number="54" hits="1" branch="false"/>
								<line number="55" hits="1" branch="false"/>
								<line number="57" hits="1" branch="false"/>
							</lines>
						</method>
						<method name="apiSms" signature="(LClickSend/ApiClient;)LClickSend/Api/SmsApi;" line-rate="1.0" branch-rate="1.0" complexity="0">
							<lines>
								<line number="67" hits="2" branch="false"/>
							</lines>
						</method>
					</methods>
					<lines>
						<line number="41" hits="2" branch="false"/>
						<line number="53" hits="1" branch="false"/>
						<line number="54" hits="1" branch="false"/>
						<line number="55" hits="1" branch="false"/>
						<line number="57" hits="1" branch="false"/>
						<line number="67" hits="2" branch="false"/>
					</lines>
				</class>
			</classes>
		</package>
		<package name="cat.albirar.communications.providers.sms.clickandsend.impl" line-rate="1.0" branch-rate="1.0" complexity="3.0">
			<classes>
				<class name="cat.albirar.communications.providers.sms.clickandsend.impl.ClickAndSendSmsSenderProvider" filename="cat/albirar/communications/providers/sms/clickandsend/impl/ClickAndSendSmsSenderProvider.java" line-rate="1.0" branch-rate="1.0" complexity="3.0">
					<methods>
						<method name="&lt;clinit&gt;" signature="()V" line-rate="1.0" branch-rate="1.0" complexity="0">
							<lines>
								<line number="48" hits="2" branch="false"/>
							</lines>
						</method>
						<method name="&lt;init&gt;" signature="()V" line-rate="1.0" branch-rate="1.0" complexity="0">
							<lines>
								<line number="47" hits="2" branch="false"/>
							</lines>
						</method>
						<method name="getName" signature="()Ljava/lang/String;" line-rate="1.0" branch-rate="1.0" complexity="0">
							<lines>
								<line number="60" hits="1" branch="false"/>
							</lines>
						</method>
						<method name="sendSms" signature="(Ljava/lang/String;Lcat/albirar/communications/channels/models/ContactBean;Lcat/albirar/communications/channels/models/ContactBean;Ljava/lang/String;)V" line-rate="1.0" branch-rate="1.0" complexity="0">
							<lines>
								<line number="74" hits="5" branch="true" condition-coverage="100% (2/2)">
									<conditions>
										<condition number="0" type="jump" coverage="100%"/>
									</conditions>
								</line>
								<line number="75" hits="4" branch="true" condition-coverage="100% (2/2)">
									<conditions>
										<condition number="0" type="jump" coverage="100%"/>
									</conditions>
								</line>
								<line number="76" hits="3" branch="false"/>
								<line number="77" hits="3" branch="false"/>
								<line number="78" hits="3" branch="false"/>
								<line number="79" hits="3" branch="false"/>
								<line number="80" hits="3" branch="false"/>
								<line number="82" hits="3" branch="false"/>
								<line number="84" hits="3" branch="false"/>
								<line number="85" hits="2" branch="true" condition-coverage="100% (2/2)">
									<conditions>
										<condition number="0" type="jump" coverage="100%"/>
									</conditions>
								</line>
								<line number="86" hits="1" branch="false"/>
								<line number="87" hits="1" branch="false"/>
								<line number="88" hits="1" branch="false"/>
								<line number="91" hits="1" branch="false"/>
								<line number="92" hits="1" branch="false"/>
								<line number="93" hits="1" branch="false"/>
								<line number="94" hits="1" branch="false"/>
								<line number="95" hits="1" branch="false"/>
								<line number="97" hits="1" branch="false"/>
								<line number="98" hits="1" branch="false"/>
							</lines>
						</method>
					</methods>
					<lines>
						<line number="47" hits="2" branch="false"/>
						<line number="48" hits="2" branch="false"/>
						<line number="60" hits="1" branch="false"/>
						<line number="74" hits="5" branch="true" condition-coverage="100% (2/2)">
							<conditions>
								<condition number="0" type="jump" coverage="100%"/>
							</conditions>
						</line>
						<line number="75" hits="4" branch="true" condition-coverage="100% (2/2)">
							<conditions>
								<condition number="0" type="jump" coverage="100%"/>
							</conditions>
						</line>
						<line number="76" hits="3" branch="false"/>
						<line number="77" hits="3" branch="false"/>
						<line number="78" hits="3" branch="false"/>
						<line number="79" hits="3" branch="false"/>
						<line number="80" hits="3" branch="false"/>
						<line number="82" hits="3" branch="false"/>
						<line number="84" hits="3" branch="false"/>
						<line number="85" hits="2" branch="true" condition-coverage="100% (2/2)">
							<conditions>
								<condition number="0" type="jump" coverage="100%"/>
							</conditions>
						</line>
						<line number="86" hits="1" branch="false"/>
						<line number="87" hits="1" branch="false"/>
						<line number="88" hits="1" branch="false"/>
						<line number="91" hits="1" branch="false"/>
						<line number="92" hits="1" branch="false"/>
						<line number="93" hits="1" branch="false"/>
						<line number="94" hits="1" branch="false"/>
						<line number="95" hits="1" branch="false"/>
						<line number="97" hits="1" branch="false"/>
						<line number="98" hits="1" branch="false"/>
					</lines>
				</class>
			</classes>
		</package>
		<package name="cat.albirar.communications.services.impl" line-rate="0.12698412698412698" branch-rate="0.0" complexity="0.0">
			<classes>
				<class name="cat.albirar.communications.services.impl.CommunicationServiceImpl" filename="cat/albirar/communications/services/impl/CommunicationServiceImpl.java" line-rate="0.18518518518518517" branch-rate="0.0" complexity="0.0">
					<methods>
						<method name="&lt;clinit&gt;" signature="()V" line-rate="1.0" branch-rate="1.0" complexity="0">
							<lines>
								<line number="50" hits="2" branch="false"/>
							</lines>
						</method>
						<method name="&lt;init&gt;" signature="()V" line-rate="1.0" branch-rate="1.0" complexity="0">
							<lines>
								<line number="49" hits="2" branch="false"/>
								<line number="64" hits="2" branch="false"/>
								<line number="66" hits="2" branch="false"/>
								<line number="68" hits="2" branch="false"/>
							</lines>
						</method>
						<method name="createCorrelationData" signature="()Lorg/springframework/amqp/rabbit/connection/CorrelationData;" line-rate="0.0" branch-rate="1.0" complexity="0">
							<lines>
								<line number="127" hits="0" branch="false"/>
							</lines>
						</method>
						<method name="isStatusMessage" signature="(Ljava/lang/String;)Z" line-rate="0.0" branch-rate="1.0" complexity="0">
							<lines>
								<line number="83" hits="0" branch="false"/>
							</lines>
						</method>
						<method name="popStatusMessage" signature="(Ljava/lang/String;)Ljava/util/Optional;" line-rate="0.0" branch-rate="1.0" complexity="0">
							<lines>
								<line number="75" hits="0" branch="false"/>
							</lines>
						</method>
						<method name="pushMessage" signature="(Lcat/albirar/communications/messages/models/MessageBean;)Ljava/lang/String;" line-rate="0.0" branch-rate="0.0" complexity="0">
							<lines>
								<line number="95" hits="0" branch="false"/>
								<line number="96" hits="0" branch="false"/>
								<line number="97" hits="0" branch="true" condition-coverage="0% (0/2)">
									<conditions>
										<condition number="0" type="jump" coverage="0%"/>
									</conditions>
								</line>
								<line number="98" hits="0" branch="false"/>
								<line number="100" hits="0" branch="false"/>
								<line number="103" hits="0" branch="false"/>
								<line number="104" hits="0" branch="false"/>
								<line number="105" hits="0" branch="false"/>
								<line number="106" hits="0" branch="false"/>
								<line number="107" hits="0" branch="false"/>
								<line number="108" hits="0" branch="false"/>
								<line number="109" hits="0" branch="false"/>
								<line number="111" hits="0" branch="false"/>
								<line number="112" hits="0" branch="false"/>
								<line number="113" hits="0" branch="false"/>
								<line number="114" hits="0" branch="false"/>
								<line number="116" hits="0" branch="false"/>
								<line number="117" hits="0" branch="false"/>
								<line number="118" hits="0" branch="false"/>
							</lines>
						</method>
					</methods>
					<lines>
						<line number="49" hits="2" branch="false"/>
						<line number="50" hits="2" branch="false"/>
						<line number="64" hits="2" branch="false"/>
						<line number="66" hits="2" branch="false"/>
						<line number="68" hits="2" branch="false"/>
						<line number="75" hits="0" branch="false"/>
						<line number="83" hits="0" branch="false"/>
						<line number="95" hits="0" branch="false"/>
						<line number="96" hits="0" branch="false"/>
						<line number="97" hits="0" branch="true" condition-coverage="0% (0/2)">
							<conditions>
								<condition number="0" type="jump" coverage="0%"/>
							</conditions>
						</line>
						<line number="98" hits="0" branch="false"/>
						<line number="100" hits="0" branch="false"/>
						<line number="103" hits="0" branch="false"/>
						<line number="104" hits="0" branch="false"/>
						<line number="105" hits="0" branch="false"/>
						<line number="106" hits="0" branch="false"/>
						<line number="107" hits="0" branch="false"/>
						<line number="108" hits="0" branch="false"/>
						<line number="109" hits="0" branch="false"/>
						<line number="111" hits="0" branch="false"/>
						<line number="112" hits="0" branch="false"/>
						<line number="113" hits="0" branch="false"/>
						<line number="114" hits="0" branch="false"/>
						<line number="116" hits="0" branch="false"/>
						<line number="117" hits="0" branch="false"/>
						<line number="118" hits="0" branch="false"/>
						<line number="127" hits="0" branch="false"/>
					</lines>
				</class>
				<class name="cat.albirar.communications.services.impl.ReportRegister" filename="cat/albirar/communications/services/impl/ReportRegister.java" line-rate="0.08333333333333333" branch-rate="0.0" complexity="0.0">
					<methods>
						<method name="&lt;init&gt;" signature="()V" line-rate="1.0" branch-rate="1.0" complexity="0">
							<lines>
								<line number="43" hits="2" branch="false"/>
								<line number="44" hits="2" branch="false"/>
								<line number="45" hits="2" branch="false"/>
							</lines>
						</method>
						<method name="getAndDeleteReport" signature="(Ljava/lang/String;)Ljava/util/Optional;" line-rate="0.0" branch-rate="0.0" complexity="0">
							<lines>
								<line number="65" hits="0" branch="false"/>
								<line number="66" hits="0" branch="true" condition-coverage="0% (0/2)">
									<conditions>
										<condition number="0" type="jump" coverage="0%"/>
									</conditions>
								</line>
								<line number="67" hits="0" branch="true" condition-coverage="0% (0/2)">
									<conditions>
										<condition number="0" type="jump" coverage="0%"/>
									</conditions>
								</line>
								<line number="68" hits="0" branch="false"/>
								<line number="70" hits="0" branch="false"/>
								<line number="71" hits="0" branch="false"/>
								<line number="72" hits="0" branch="false"/>
							</lines>
						</method>
						<method name="getReport" signature="(Ljava/lang/String;)Ljava/util/Optional;" line-rate="0.0" branch-rate="0.0" complexity="0">
							<lines>
								<line number="51" hits="0" branch="false"/>
								<line number="52" hits="0" branch="true" condition-coverage="0% (0/2)">
									<conditions>
										<condition number="0" type="jump" coverage="0%"/>
									</conditions>
								</line>
								<line number="53" hits="0" branch="true" condition-coverage="0% (0/2)">
									<conditions>
										<condition number="0" type="jump" coverage="0%"/>
									</conditions>
								</line>
								<line number="54" hits="0" branch="false"/>
								<line number="56" hits="0" branch="false"/>
								<line number="57" hits="0" branch="false"/>
								<line number="58" hits="0" branch="false"/>
							</lines>
						</method>
						<method name="isReport" signature="(Ljava/lang/String;)Z" line-rate="0.0" branch-rate="0.0" complexity="0">
							<lines>
								<line number="79" hits="0" branch="false"/>
								<line number="80" hits="0" branch="true" condition-coverage="0% (0/2)">
									<conditions>
										<condition number="0" type="jump" coverage="0%"/>
									</conditions>
								</line>
								<line number="81" hits="0" branch="true" condition-coverage="0% (0/2)">
									<conditions>
										<condition number="0" type="jump" coverage="0%"/>
									</conditions>
								</line>
								<line number="82" hits="0" branch="false"/>
								<line number="84" hits="0" branch="false"/>
								<line number="85" hits="0" branch="false"/>
								<line number="86" hits="0" branch="false"/>
							</lines>
						</method>
						<method name="putReport" signature="(Ljava/lang/String;Ljava/lang/String;Lcat/albirar/communications/status/models/MessageStatusBean;)V" line-rate="0.0" branch-rate="0.0" complexity="0">
							<lines>
								<line number="95" hits="0" branch="false"/>
								<line number="96" hits="0" branch="true" condition-coverage="0% (0/2)">
									<conditions>
										<condition number="0" type="jump" coverage="0%"/>
									</conditions>
								</line>
								<line number="97" hits="0" branch="false"/>
								<line number="99" hits="0" branch="false"/>
								<line number="100" hits="0" branch="false"/>
								<line number="101" hits="0" branch="false"/>
								<line number="102" hits="0" branch="false"/>
							</lines>
						</method>
						<method name="removeReport" signature="(Ljava/lang/String;Ljava/lang/String;)Ljava/util/Optional;" line-rate="0.0" branch-rate="0.0" complexity="0">
							<lines>
								<line number="108" hits="0" branch="false"/>
								<line number="109" hits="0" branch="true" condition-coverage="0% (0/2)">
									<conditions>
										<condition number="0" type="jump" coverage="0%"/>
									</conditions>
								</line>
								<line number="110" hits="0" branch="false"/>
								<line number="112" hits="0" branch="false"/>
								<line number="113" hits="0" branch="false"/>
							</lines>
						</method>
					</methods>
					<lines>
						<line number="43" hits="2" branch="false"/>
						<line number="44" hits="2" branch="false"/>
						<line number="45" hits="2" branch="false"/>
						<line number="51" hits="0" branch="false"/>
						<line number="52" hits="0" branch="true" condition-coverage="0% (0/2)">
							<conditions>
								<condition number="0" type="jump" coverage="0%"/>
							</conditions>
						</line>
						<line number="53" hits="0" branch="true" condition-coverage="0% (0/2)">
							<conditions>
								<condition number="0" type="jump" coverage="0%"/>
							</conditions>
						</line>
						<line number="54" hits="0" branch="false"/>
						<line number="56" hits="0" branch="false"/>
						<line number="57" hits="0" branch="false"/>
						<line number="58" hits="0" branch="false"/>
						<line number="65" hits="0" branch="false"/>
						<line number="66" hits="0" branch="true" condition-coverage="0% (0/2)">
							<conditions>
								<condition number="0" type="jump" coverage="0%"/>
							</conditions>
						</line>
						<line number="67" hits="0" branch="true" condition-coverage="0% (0/2)">
							<conditions>
								<condition number="0" type="jump" coverage="0%"/>
							</conditions>
						</line>
						<line number="68" hits="0" branch="false"/>
						<line number="70" hits="0" branch="false"/>
						<line number="71" hits="0" branch="false"/>
						<line number="72" hits="0" branch="false"/>
						<line number="79" hits="0" branch="false"/>
						<line number="80" hits="0" branch="true" condition-coverage="0% (0/2)">
							<conditions>
								<condition number="0" type="jump" coverage="0%"/>
							</conditions>
						</line>
						<line number="81" hits="0" branch="true" condition-coverage="0% (0/2)">
							<conditions>
								<condition number="0" type="jump" coverage="0%"/>
							</conditions>
						</line>
						<line number="82" hits="0" branch="false"/>
						<line number="84" hits="0" branch="false"/>
						<line number="85" hits="0" branch="false"/>
						<line number="86" hits="0" branch="false"/>
						<line number="95" hits="0" branch="false"/>
						<line number="96" hits="0" branch="true" condition-coverage="0% (0/2)">
							<conditions>
								<condition number="0" type="jump" coverage="0%"/>
							</conditions>
						</line>
						<line number="97" hits="0" branch="false"/>
						<line number="99" hits="0" branch="false"/>
						<line number="100" hits="0" branch="false"/>
						<line number="101" hits="0" branch="false"/>
						<line number="102" hits="0" branch="false"/>
						<line number="108" hits="0" branch="false"/>
						<line number="109" hits="0" branch="true" condition-coverage="0% (0/2)">
							<conditions>
								<condition number="0" type="jump" coverage="0%"/>
							</conditions>
						</line>
						<line number="110" hits="0" branch="false"/>
						<line number="112" hits="0" branch="false"/>
						<line number="113" hits="0" branch="false"/>
					</lines>
				</class>
			</classes>
		</package>
	</packages>
</coverage>
